#
# There is insufficient memory for the Java Runtime Environment to continue.
# Native memory allocation (mmap) failed to map 268435456 bytes for G1 virtual space
# Possible reasons:
#   The system is out of physical RAM or swap space
#   The process is running with CompressedOops enabled, and the Java Heap may be blocking the growth of the native heap
# Possible solutions:
#   Reduce memory load on the system
#   Increase physical memory or swap space
#   Check if swap backing store is full
#   Decrease Java heap size (-Xmx/-Xms)
#   Decrease number of Java threads
#   Decrease Java thread stack sizes (-Xss)
#   Set larger code cache with -XX:ReservedCodeCacheSize=
#   JVM is running with Zero Based Compressed Oops mode in which the Java heap is
#     placed in the first 32GB address space. The Java Heap base address is the
#     maximum limit for the native heap growth. Please use -XX:HeapBaseMinAddress
#     to set the Java Heap base and to place the Java Heap above 32GB virtual address.
# This output file may be truncated or incomplete.
#
#  Out of Memory Error (os_windows.cpp:3535), pid=10120, tid=8776
#
# JRE version:  (17.0.3+7) (build )
# Java VM: OpenJDK 64-Bit Server VM (17.0.3+7-LTS, mixed mode, sharing, tiered, compressed oops, compressed class ptrs, g1 gc, windows-amd64)
# No core dump will be written. Minidumps are not enabled by default on client versions of Windows
#

---------------  S U M M A R Y ------------

Command Line: 

Host: Intel(R) Xeon(R) CPU E5-1620 0 @ 3.60GHz, 8 cores, 15G,  Windows 10 , 64 bit Build 19041 (10.0.19041.1503)
Time: Tue Jun  7 10:56:30 2022  Windows 10 , 64 bit Build 19041 (10.0.19041.1503) elapsed time: 0.008516 seconds (0d 0h 0m 0s)

---------------  T H R E A D  ---------------

Current thread (0x000002b14036beb0):  JavaThread "Unknown thread" [_thread_in_vm, id=8776, stack(0x000000c60d300000,0x000000c60d400000)]

Stack: [0x000000c60d300000,0x000000c60d400000]
Native frames: (J=compiled Java code, j=interpreted, Vv=VM code, C=native code)
V  [jvm.dll+0x6771da]
V  [jvm.dll+0x8324e4]
V  [jvm.dll+0x833c8e]
V  [jvm.dll+0x8342f3]
V  [jvm.dll+0x245815]
V  [jvm.dll+0x6740f9]
V  [jvm.dll+0x668a32]
V  [jvm.dll+0x30466b]
V  [jvm.dll+0x30bb76]
V  [jvm.dll+0x35b9de]
V  [jvm.dll+0x35bc0f]
V  [jvm.dll+0x2db578]
V  [jvm.dll+0x2dc4e4]
V  [jvm.dll+0x803d21]
V  [jvm.dll+0x369761]
V  [jvm.dll+0x7e309c]
V  [jvm.dll+0x3ec5cf]
V  [jvm.dll+0x3ee151]
C  [jli.dll+0x527b]
C  [ucrtbase.dll+0x21bb2]
C  [KERNEL32.DLL+0x17034]
C  [ntdll.dll+0x52651]


---------------  P R O C E S S  ---------------

Threads class SMR info:
_java_thread_list=0x00007ffce9aebe98, length=0, elements={
}

Java Threads: ( => current thread )

Other Threads:
  0x000002b1403d8990 GCTaskThread "GC Thread#0" [stack: 0x000000c60d400000,0x000000c60d500000] [id=4244]
  0x000002b1403ea000 ConcurrentGCThread "G1 Main Marker" [stack: 0x000000c60d500000,0x000000c60d600000] [id=2668]
  0x000002b1403eba20 ConcurrentGCThread "G1 Conc#0" [stack: 0x000000c60d600000,0x000000c60d700000] [id=2856]

[error occurred during error reporting (printing all threads), id 0xc0000005, EXCEPTION_ACCESS_VIOLATION (0xc0000005) at pc=0x00007ffce92abfb7]

VM state: not at safepoint (not fully initialized)

VM Mutex/Monitor currently owned by a thread:  ([mutex/lock_event])
[0x000002b140367820] Heap_lock - owner thread: 0x000002b14036beb0

Heap address: 0x0000000700600000, size: 4090 MB, Compressed Oops mode: Zero based, Oop shift amount: 3

CDS archive(s) mapped at: [0x0000000000000000-0x0000000000000000-0x0000000000000000), size 0, SharedBaseAddress: 0x0000000800000000, ArchiveRelocationMode: 0.
Narrow klass base: 0x0000000000000000, Narrow klass shift: 0, Narrow klass range: 0x0

GC Precious Log:
<Empty>

Heap:
 garbage-first heap   total 0K, used 0K [0x0000000700600000, 0x0000000800000000)
  region size 2048K, 0 young (0K), 0 survivors (0K)

[error occurred during error reporting (printing heap information), id 0xc0000005, EXCEPTION_ACCESS_VIOLATION (0xc0000005) at pc=0x00007ffce9690629]

GC Heap History (0 events):
No events

Deoptimization events (0 events):
No events

Classes unloaded (0 events):
No events

Classes redefined (0 events):
No events

Internal exceptions (0 events):
No events

VM Operations (0 events):
No events

Events (1 events):
Event: 0.005 Loaded shared library C:\Program Files\Microsoft\jdk-17.0.3.7-hotspot\bin\java.dll


Dynamic libraries:
0x00007ff676120000 - 0x00007ff67612e000 	C:\Program Files\Microsoft\jdk-17.0.3.7-hotspot\bin\java.exe
0x00007ffd39650000 - 0x00007ffd39845000 	C:\windows\SYSTEM32\ntdll.dll
0x00007ffd378e0000 - 0x00007ffd3799e000 	C:\windows\System32\KERNEL32.DLL
0x00007ffd37290000 - 0x00007ffd37558000 	C:\windows\System32\KERNELBASE.dll
0x00007ffd37030000 - 0x00007ffd37130000 	C:\windows\System32\ucrtbase.dll
0x00007ffd27590000 - 0x00007ffd275a8000 	C:\Program Files\Microsoft\jdk-17.0.3.7-hotspot\bin\jli.dll
0x00007ffd25dc0000 - 0x00007ffd25ddb000 	C:\Program Files\Microsoft\jdk-17.0.3.7-hotspot\bin\VCRUNTIME140.dll
0x00007ffd392e0000 - 0x00007ffd39480000 	C:\windows\System32\USER32.dll
0x00007ffd37560000 - 0x00007ffd37582000 	C:\windows\System32\win32u.dll
0x00007ffd22810000 - 0x00007ffd22aaa000 	C:\windows\WinSxS\amd64_microsoft.windows.common-controls_6595b64144ccf1df_6.0.19041.1110_none_60b5254171f9507e\COMCTL32.dll
0x00007ffd38aa0000 - 0x00007ffd38acb000 	C:\windows\System32\GDI32.dll
0x00007ffd39510000 - 0x00007ffd395ae000 	C:\windows\System32\msvcrt.dll
0x00007ffd36d60000 - 0x00007ffd36e6d000 	C:\windows\System32\gdi32full.dll
0x00007ffd36f90000 - 0x00007ffd3702d000 	C:\windows\System32\msvcp_win.dll
0x00007ffd394e0000 - 0x00007ffd39510000 	C:\windows\System32\IMM32.DLL
0x00007ffd27220000 - 0x00007ffd2722c000 	C:\Program Files\Microsoft\jdk-17.0.3.7-hotspot\bin\vcruntime140_1.dll
0x00007ffcffa10000 - 0x00007ffcffa9d000 	C:\Program Files\Microsoft\jdk-17.0.3.7-hotspot\bin\msvcp140.dll
0x00007ffce8fc0000 - 0x00007ffce9c1d000 	C:\Program Files\Microsoft\jdk-17.0.3.7-hotspot\bin\server\jvm.dll
0x00007ffd37830000 - 0x00007ffd378de000 	C:\windows\System32\ADVAPI32.dll
0x00007ffd39110000 - 0x00007ffd391ac000 	C:\windows\System32\sechost.dll
0x00007ffd391b0000 - 0x00007ffd392d5000 	C:\windows\System32\RPCRT4.dll
0x00007ffd376a0000 - 0x00007ffd376a8000 	C:\windows\System32\PSAPI.DLL
0x00007ffd25e80000 - 0x00007ffd25e89000 	C:\windows\SYSTEM32\WSOCK32.dll
0x00007ffd2d0e0000 - 0x00007ffd2d107000 	C:\windows\SYSTEM32\WINMM.dll
0x00007ffd31700000 - 0x00007ffd3170a000 	C:\windows\SYSTEM32\VERSION.dll
0x00007ffd37d10000 - 0x00007ffd37d7b000 	C:\windows\System32\WS2_32.dll
0x00007ffd34c70000 - 0x00007ffd34c82000 	C:\windows\SYSTEM32\kernel.appcore.dll
0x00007ffd26620000 - 0x00007ffd2662a000 	C:\Program Files\Microsoft\jdk-17.0.3.7-hotspot\bin\jimage.dll
0x00007ffd33740000 - 0x00007ffd33924000 	C:\windows\SYSTEM32\DBGHELP.DLL
0x00007ffd28770000 - 0x00007ffd2879c000 	C:\windows\SYSTEM32\dbgcore.DLL
0x00007ffd37590000 - 0x00007ffd37612000 	C:\windows\System32\bcryptPrimitives.dll
0x00007ffd1db60000 - 0x00007ffd1db85000 	C:\Program Files\Microsoft\jdk-17.0.3.7-hotspot\bin\java.dll

dbghelp: loaded successfully - version: 4.0.5 - missing functions: none
symbol engine: initialized successfully - sym options: 0x614 - pdb path: .;C:\Program Files\Microsoft\jdk-17.0.3.7-hotspot\bin;C:\windows\SYSTEM32;C:\windows\WinSxS\amd64_microsoft.windows.common-controls_6595b64144ccf1df_6.0.19041.1110_none_60b5254171f9507e;C:\Program Files\Microsoft\jdk-17.0.3.7-hotspot\bin\server

VM Arguments:
java_command: <unknown>
java_class_path (initial): <not set>
Launcher Type: SUN_STANDARD

[Global flags]
     intx CICompilerCount                          = 4                                         {product} {ergonomic}
     uint ConcGCThreads                            = 2                                         {product} {ergonomic}
     uint G1ConcRefinementThreads                  = 8                                         {product} {ergonomic}
   size_t G1HeapRegionSize                         = 2097152                                   {product} {ergonomic}
    uintx GCDrainStackTargetSize                   = 64                                        {product} {ergonomic}
   size_t InitialHeapSize                          = 268435456                                 {product} {ergonomic}
   size_t MarkStackSize                            = 4194304                                   {product} {ergonomic}
   size_t MaxHeapSize                              = 4288675840                                {product} {ergonomic}
   size_t MinHeapDeltaBytes                        = 2097152                                   {product} {ergonomic}
   size_t MinHeapSize                              = 8388608                                   {product} {ergonomic}
    uintx NonNMethodCodeHeapSize                   = 5839372                                {pd product} {ergonomic}
    uintx NonProfiledCodeHeapSize                  = 122909434                              {pd product} {ergonomic}
    uintx ProfiledCodeHeapSize                     = 122909434                              {pd product} {ergonomic}
    uintx ReservedCodeCacheSize                    = 251658240                              {pd product} {ergonomic}
     bool SegmentedCodeCache                       = true                                      {product} {ergonomic}
   size_t SoftMaxHeapSize                          = 4288675840                             {manageable} {ergonomic}
     bool UseCompressedClassPointers               = true                           {product lp64_product} {ergonomic}
     bool UseCompressedOops                        = true                           {product lp64_product} {ergonomic}
     bool UseG1GC                                  = true                                      {product} {ergonomic}
     bool UseLargePagesIndividualAllocation        = false                                  {pd product} {ergonomic}

Logging:
Log output configuration:
 #0: stdout all=warning uptime,level,tags
 #1: stderr all=off uptime,level,tags

Environment Variables:
PATH=C:\pateln_a\C\Komunalka-master\android\node_modules\.bin;C:\pateln_a\C\Komunalka-master\node_modules\.bin;C:\pateln_a\C\node_modules\.bin;C:\pateln_a\node_modules\.bin;C:\node_modules\.bin;C:\Program Files\nodejs;C:\pateln_a\C\Komunalka-master\node_modules\.bin;C:\pateln_a\C\node_modules\.bin;C:\pateln_a\node_modules\.bin;C:\node_modules\.bin;C:\Users\patelna\AppData\Roaming\npm\node_modules\npm\node_modules\@npmcli\run-script\lib\node-gyp-bin;C:\Program Files\Microsoft\jdk-17.0.3.7-hotspot\bin;C:\windows\system32;C:\windows;C:\windows\System32\Wbem;C:\windows\System32\WindowsPowerShell\v1.0\;C:\Program Files\Git\cmd;C:\ProgramData\chocolatey\bin;C:\Program Files\nodejs\;C:\Program Files\MySQL\MySQL Shell 8.0\bin\;C:\Users\patelna\AppData\Local\Microsoft\WindowsApps;C:\Users\patelna\AppData\Local\GitHubDesktop\bin;C:\Users\patelna\AppData\Roaming\npm
USERNAME=patelna
OS=Windows_NT
PROCESSOR_IDENTIFIER=Intel64 Family 6 Model 45 Stepping 7, GenuineIntel



---------------  S Y S T E M  ---------------

OS:
 Windows 10 , 64 bit Build 19041 (10.0.19041.1503)
OS uptime: 0 days 2:34 hours

CPU: total 8 (initial active 8) (4 cores per cpu, 2 threads per core) family 6 model 45 stepping 7 microcode 0x714, cx8, cmov, fxsr, ht, mmx, sse, sse2, sse3, ssse3, sse4.1, sse4.2, popcnt, tsc, tscinvbit, avx, aes, clmul, vzeroupper, clflush

Memory: 4k page, system-wide physical 16356M (4250M free)
TotalPageFile size 17380M (AvailPageFile size 38M)
current process WorkingSet (physical memory assigned to process): 10M, peak: 10M
current process commit charge ("private bytes"): 60M, peak: 316M

vm_info: OpenJDK 64-Bit Server VM (17.0.3+7-LTS) for windows-amd64 JRE (17.0.3+7-LTS), built on Apr 20 2022 04:24:16 by "" with MS VC++ 16.10 / 16.11 (VS2019)

END.
