#
# There is insufficient memory for the Java Runtime Environment to continue.
# Native memory allocation (malloc) failed to allocate 235216 bytes for Chunk::new
# Possible reasons:
#   The system is out of physical RAM or swap space
#   The process is running with CompressedOops enabled, and the Java Heap may be blocking the growth of the native heap
# Possible solutions:
#   Reduce memory load on the system
#   Increase physical memory or swap space
#   Check if swap backing store is full
#   Decrease Java heap size (-Xmx/-Xms)
#   Decrease number of Java threads
#   Decrease Java thread stack sizes (-Xss)
#   Set larger code cache with -XX:ReservedCodeCacheSize=
#   JVM is running with Unscaled Compressed Oops mode in which the Java heap is
#     placed in the first 4GB address space. The Java Heap base address is the
#     maximum limit for the native heap growth. Please use -XX:HeapBaseMinAddress
#     to set the Java Heap base and to place the Java Heap above 4GB virtual address.
# This output file may be truncated or incomplete.
#
#  Out of Memory Error (./src/hotspot/share/memory/arena.cpp:197), pid=7868, tid=5372
#
# JRE version: OpenJDK Runtime Environment (11.0.12+7) (build 11.0.12+7-b1504.28-7817840)
# Java VM: OpenJDK 64-Bit Server VM (11.0.12+7-b1504.28-7817840, mixed mode, tiered, compressed oops, g1 gc, windows-amd64)
# No core dump will be written. Minidumps are not enabled by default on client versions of Windows
#

---------------  S U M M A R Y ------------

Command Line: -XX:MaxMetaspaceSize=256m -XX:+HeapDumpOnOutOfMemoryError --add-opens=java.base/java.util=ALL-UNNAMED --add-opens=java.base/java.lang=ALL-UNNAMED --add-opens=java.base/java.lang.invoke=ALL-UNNAMED --add-opens=java.prefs/java.util.prefs=ALL-UNNAMED -Xms256m -Xmx512m -Dfile.encoding=windows-1251 -Duser.country=RU -Duser.language=ru -Duser.variant org.gradle.launcher.daemon.bootstrap.GradleDaemon 6.7

Host: Intel(R) Xeon(R) CPU E5-1620 0 @ 3.60GHz, 8 cores, 15G,  Windows 10 , 64 bit Build 19041 (10.0.19041.1503)
Time: Tue Jun  7 11:51:50 2022 Намибийское время (зима) elapsed time: 3.693139 seconds (0d 0h 0m 3s)

---------------  T H R E A D  ---------------

Current thread (0x000001d69cf6f800):  JavaThread "C2 CompilerThread1" daemon [_thread_in_native, id=5372, stack(0x000000991b600000,0x000000991b700000)]


Current CompileTask:
C2:   3693 1900   !   4       java.util.concurrent.ConcurrentHashMap::putVal (432 bytes)

Stack: [0x000000991b600000,0x000000991b700000]
Native frames: (J=compiled Java code, j=interpreted, Vv=VM code, C=native code)
V  [jvm.dll+0x5fbcea]
V  [jvm.dll+0x731905]
V  [jvm.dll+0x732f1d]
V  [jvm.dll+0x7335d3]
V  [jvm.dll+0x247bf8]
V  [jvm.dll+0xc018c]
V  [jvm.dll+0xc06cc]
V  [jvm.dll+0x35b31d]
V  [jvm.dll+0x19cebc]
V  [jvm.dll+0x20070e]
V  [jvm.dll+0x1ff794]
V  [jvm.dll+0x18868c]
V  [jvm.dll+0x20e0d7]
V  [jvm.dll+0x20c901]
V  [jvm.dll+0x6f9b7f]
V  [jvm.dll+0x6f26a5]
V  [jvm.dll+0x5fabf6]
C  [ucrtbase.dll+0x21bb2]
C  [KERNEL32.DLL+0x17034]
C  [ntdll.dll+0x52651]


---------------  P R O C E S S  ---------------

Threads class SMR info:
_java_thread_list=0x000001d69e250010, length=24, elements={
0x000001d6820cf000, 0x000001d69abcf800, 0x000001d69abdb000, 0x000001d69abf4000,
0x000001d69abf5000, 0x000001d69abf6800, 0x000001d69b55d800, 0x000001d69b564000,
0x000001d69b58d800, 0x000001d69b6e1800, 0x000001d69c296800, 0x000001d69cf6f800,
0x000001d69b831000, 0x000001d69dcc0800, 0x000001d69c8ca000, 0x000001d69e908800,
0x000001d69c142800, 0x000001d69c143000, 0x000001d69c8a4800, 0x000001d69d00d800,
0x000001d69d6fb000, 0x000001d69d6f7800, 0x000001d69d6f8800, 0x000001d69d6f9800
}

Java Threads: ( => current thread )
  0x000001d6820cf000 JavaThread "main" [_thread_blocked, id=9684, stack(0x000000991a500000,0x000000991a600000)]
  0x000001d69abcf800 JavaThread "Reference Handler" daemon [_thread_blocked, id=7496, stack(0x000000991ac00000,0x000000991ad00000)]
  0x000001d69abdb000 JavaThread "Finalizer" daemon [_thread_blocked, id=8968, stack(0x000000991ad00000,0x000000991ae00000)]
  0x000001d69abf4000 JavaThread "Signal Dispatcher" daemon [_thread_blocked, id=6736, stack(0x000000991ae00000,0x000000991af00000)]
  0x000001d69abf5000 JavaThread "Attach Listener" daemon [_thread_blocked, id=8248, stack(0x000000991af00000,0x000000991b000000)]
  0x000001d69abf6800 JavaThread "Service Thread" daemon [_thread_blocked, id=9272, stack(0x000000991b000000,0x000000991b100000)]
  0x000001d69b55d800 JavaThread "C2 CompilerThread0" daemon [_thread_in_native, id=7488, stack(0x000000991b100000,0x000000991b200000)]
  0x000001d69b564000 JavaThread "C1 CompilerThread0" daemon [_thread_blocked, id=2176, stack(0x000000991b200000,0x000000991b300000)]
  0x000001d69b58d800 JavaThread "Sweeper thread" daemon [_thread_blocked, id=10132, stack(0x000000991b300000,0x000000991b400000)]
  0x000001d69b6e1800 JavaThread "Common-Cleaner" daemon [_thread_blocked, id=6484, stack(0x000000991b400000,0x000000991b500000)]
  0x000001d69c296800 JavaThread "Daemon health stats" [_thread_blocked, id=7884, stack(0x000000991bd00000,0x000000991be00000)]
=>0x000001d69cf6f800 JavaThread "C2 CompilerThread1" daemon [_thread_in_native, id=5372, stack(0x000000991b600000,0x000000991b700000)]
  0x000001d69b831000 JavaThread "Incoming local TCP Connector on port 62918" [_thread_in_native, id=7828, stack(0x000000991bc00000,0x000000991bd00000)]
  0x000001d69dcc0800 JavaThread "Daemon periodic checks" [_thread_blocked, id=9712, stack(0x000000991c000000,0x000000991c100000)]
  0x000001d69c8ca000 JavaThread "Daemon" [_thread_blocked, id=5748, stack(0x000000991c100000,0x000000991c200000)]
  0x000001d69e908800 JavaThread "Handler for socket connection from /127.0.0.1:62918 to /127.0.0.1:62919" [_thread_in_native, id=6640, stack(0x000000991c200000,0x000000991c300000)]
  0x000001d69c142800 JavaThread "Cancel handler" [_thread_blocked, id=9284, stack(0x000000991c300000,0x000000991c400000)]
  0x000001d69c143000 JavaThread "Daemon worker" [_thread_in_vm, id=6420, stack(0x000000991c400000,0x000000991c500000)]
  0x000001d69c8a4800 JavaThread "Asynchronous log dispatcher for DefaultDaemonConnection: socket connection from /127.0.0.1:62918 to /127.0.0.1:62919" [_thread_blocked, id=6064, stack(0x000000991c500000,0x000000991c600000)]
  0x000001d69d00d800 JavaThread "Stdin handler" [_thread_blocked, id=6904, stack(0x000000991c600000,0x000000991c700000)]
  0x000001d69d6fb000 JavaThread "Thread-8" [_thread_blocked, id=6408, stack(0x000000991c700000,0x000000991c800000)]
  0x000001d69d6f7800 JavaThread "Cache worker for file hash cache (C:\Users\patelna\.gradle\caches\6.7\fileHashes)" [_thread_blocked, id=8016, stack(0x000000991c800000,0x000000991c900000)]
  0x000001d69d6f8800 JavaThread "File lock request listener" [_thread_in_native, id=4216, stack(0x000000991c900000,0x000000991ca00000)]
  0x000001d69d6f9800 JavaThread "Cache worker for journal cache (C:\Users\patelna\.gradle\caches\journal-1)" [_thread_blocked, id=9628, stack(0x000000991cd00000,0x000000991ce00000)]

Other Threads:
  0x000001d69abad800 VMThread "VM Thread" [stack: 0x000000991ab00000,0x000000991ac00000] [id=9576]
  0x000001d69b713800 WatcherThread [stack: 0x000000991b500000,0x000000991b600000] [id=9096]
  0x000001d6820e2800 GCTaskThread "GC Thread#0" [stack: 0x000000991a600000,0x000000991a700000] [id=9568]
  0x000001d69c3b3800 GCTaskThread "GC Thread#1" [stack: 0x000000991b700000,0x000000991b800000] [id=7532]
  0x000001d69c0cb800 GCTaskThread "GC Thread#2" [stack: 0x000000991b800000,0x000000991b900000] [id=9720]
  0x000001d69c0cc000 GCTaskThread "GC Thread#3" [stack: 0x000000991b900000,0x000000991ba00000] [id=4736]
  0x000001d69c3b8800 GCTaskThread "GC Thread#4" [stack: 0x000000991ba00000,0x000000991bb00000] [id=7972]
  0x000001d69c3b9000 GCTaskThread "GC Thread#5" [stack: 0x000000991bb00000,0x000000991bc00000] [id=9404]
  0x000001d69cbf4800 GCTaskThread "GC Thread#6" [stack: 0x000000991ca00000,0x000000991cb00000] [id=1672]
  0x000001d69e281000 GCTaskThread "GC Thread#7" [stack: 0x000000991cb00000,0x000000991cc00000] [id=4992]
  0x000001d6820f2800 ConcurrentGCThread "G1 Main Marker" [stack: 0x000000991a700000,0x000000991a800000] [id=4292]
  0x000001d6820f7000 ConcurrentGCThread "G1 Conc#0" [stack: 0x000000991a800000,0x000000991a900000] [id=10212]
  0x000001d69cb47800 ConcurrentGCThread "G1 Conc#1" [stack: 0x000000991cc00000,0x000000991cd00000] [id=9028]
  0x000001d6821ae800 ConcurrentGCThread "G1 Refine#0" [stack: 0x000000991a900000,0x000000991aa00000] [id=7228]
  0x000001d69aa48800 ConcurrentGCThread "G1 Young RemSet Sampling" [stack: 0x000000991aa00000,0x000000991ab00000] [id=10224]

Threads with active compile tasks:
C2 CompilerThread0   3716 1898   !   4       java.util.zip.InflaterInputStream::read (138 bytes)
C2 CompilerThread1   3716 1900   !   4       java.util.concurrent.ConcurrentHashMap::putVal (432 bytes)

VM state:not at safepoint (normal execution)

VM Mutex/Monitor currently owned by a thread: None

Heap address: 0x00000000e0000000, size: 512 MB, Compressed Oops mode: 32-bit
Narrow klass base: 0x0000000000000000, Narrow klass shift: 3
Compressed class space size: 260046848 Address: 0x0000000100000000

Heap:
 garbage-first heap   total 262144K, used 23743K [0x00000000e0000000, 0x0000000100000000)
  region size 1024K, 19 young (19456K), 11 survivors (11264K)
 Metaspace       used 21484K, capacity 22109K, committed 22400K, reserved 280576K
  class space    used 2689K, capacity 2889K, committed 2944K, reserved 253952K
Heap Regions: E=young(eden), S=young(survivor), O=old, HS=humongous(starts), HC=humongous(continues), CS=collection set, F=free, A=archive, TAMS=top-at-mark-start (previous, next)
|   0|0x00000000e0000000, 0x00000000e0000000, 0x00000000e0100000|  0%| F|  |TAMS 0x00000000e0000000, 0x00000000e0000000| Untracked 
|   1|0x00000000e0100000, 0x00000000e0100000, 0x00000000e0200000|  0%| F|  |TAMS 0x00000000e0100000, 0x00000000e0100000| Untracked 
|   2|0x00000000e0200000, 0x00000000e0200000, 0x00000000e0300000|  0%| F|  |TAMS 0x00000000e0200000, 0x00000000e0200000| Untracked 
|   3|0x00000000e0300000, 0x00000000e0400000, 0x00000000e0400000|100%|HS|  |TAMS 0x00000000e0400000, 0x00000000e0300000| Complete 
|   4|0x00000000e0400000, 0x00000000e0500000, 0x00000000e0500000|100%|HC|  |TAMS 0x00000000e0500000, 0x00000000e0400000| Complete 
|   5|0x00000000e0500000, 0x00000000e0600000, 0x00000000e0600000|100%|HC|  |TAMS 0x00000000e0600000, 0x00000000e0500000| Complete 
|   6|0x00000000e0600000, 0x00000000e0700000, 0x00000000e0700000|100%| O|  |TAMS 0x00000000e0700000, 0x00000000e0600000| Untracked 
|   7|0x00000000e0700000, 0x00000000e0800000, 0x00000000e0800000|100%| O|  |TAMS 0x00000000e0800000, 0x00000000e0700000| Untracked 
|   8|0x00000000e0800000, 0x00000000e0875e00, 0x00000000e0900000| 46%| O|  |TAMS 0x00000000e0875e00, 0x00000000e0800000| Untracked 
|   9|0x00000000e0900000, 0x00000000e0900000, 0x00000000e0a00000|  0%| F|  |TAMS 0x00000000e0900000, 0x00000000e0900000| Untracked 
|  10|0x00000000e0a00000, 0x00000000e0a00000, 0x00000000e0b00000|  0%| F|  |TAMS 0x00000000e0a00000, 0x00000000e0a00000| Untracked 
|  11|0x00000000e0b00000, 0x00000000e0b00000, 0x00000000e0c00000|  0%| F|  |TAMS 0x00000000e0b00000, 0x00000000e0b00000| Untracked 
|  12|0x00000000e0c00000, 0x00000000e0c00000, 0x00000000e0d00000|  0%| F|  |TAMS 0x00000000e0c00000, 0x00000000e0c00000| Untracked 
|  13|0x00000000e0d00000, 0x00000000e0d00000, 0x00000000e0e00000|  0%| F|  |TAMS 0x00000000e0d00000, 0x00000000e0d00000| Untracked 
|  14|0x00000000e0e00000, 0x00000000e0e00000, 0x00000000e0f00000|  0%| F|  |TAMS 0x00000000e0e00000, 0x00000000e0e00000| Untracked 
|  15|0x00000000e0f00000, 0x00000000e0f00000, 0x00000000e1000000|  0%| F|  |TAMS 0x00000000e0f00000, 0x00000000e0f00000| Untracked 
|  16|0x00000000e1000000, 0x00000000e1000000, 0x00000000e1100000|  0%| F|  |TAMS 0x00000000e1000000, 0x00000000e1000000| Untracked 
|  17|0x00000000e1100000, 0x00000000e1100000, 0x00000000e1200000|  0%| F|  |TAMS 0x00000000e1100000, 0x00000000e1100000| Untracked 
|  18|0x00000000e1200000, 0x00000000e1200000, 0x00000000e1300000|  0%| F|  |TAMS 0x00000000e1200000, 0x00000000e1200000| Untracked 
|  19|0x00000000e1300000, 0x00000000e1300000, 0x00000000e1400000|  0%| F|  |TAMS 0x00000000e1300000, 0x00000000e1300000| Untracked 
|  20|0x00000000e1400000, 0x00000000e1400000, 0x00000000e1500000|  0%| F|  |TAMS 0x00000000e1400000, 0x00000000e1400000| Untracked 
|  21|0x00000000e1500000, 0x00000000e1500000, 0x00000000e1600000|  0%| F|  |TAMS 0x00000000e1500000, 0x00000000e1500000| Untracked 
|  22|0x00000000e1600000, 0x00000000e1600000, 0x00000000e1700000|  0%| F|  |TAMS 0x00000000e1600000, 0x00000000e1600000| Untracked 
|  23|0x00000000e1700000, 0x00000000e1700000, 0x00000000e1800000|  0%| F|  |TAMS 0x00000000e1700000, 0x00000000e1700000| Untracked 
|  24|0x00000000e1800000, 0x00000000e1800000, 0x00000000e1900000|  0%| F|  |TAMS 0x00000000e1800000, 0x00000000e1800000| Untracked 
|  25|0x00000000e1900000, 0x00000000e1900000, 0x00000000e1a00000|  0%| F|  |TAMS 0x00000000e1900000, 0x00000000e1900000| Untracked 
|  26|0x00000000e1a00000, 0x00000000e1a00000, 0x00000000e1b00000|  0%| F|  |TAMS 0x00000000e1a00000, 0x00000000e1a00000| Untracked 
|  27|0x00000000e1b00000, 0x00000000e1b00000, 0x00000000e1c00000|  0%| F|  |TAMS 0x00000000e1b00000, 0x00000000e1b00000| Untracked 
|  28|0x00000000e1c00000, 0x00000000e1c00000, 0x00000000e1d00000|  0%| F|  |TAMS 0x00000000e1c00000, 0x00000000e1c00000| Untracked 
|  29|0x00000000e1d00000, 0x00000000e1d00000, 0x00000000e1e00000|  0%| F|  |TAMS 0x00000000e1d00000, 0x00000000e1d00000| Untracked 
|  30|0x00000000e1e00000, 0x00000000e1e00000, 0x00000000e1f00000|  0%| F|  |TAMS 0x00000000e1e00000, 0x00000000e1e00000| Untracked 
|  31|0x00000000e1f00000, 0x00000000e1f00000, 0x00000000e2000000|  0%| F|  |TAMS 0x00000000e1f00000, 0x00000000e1f00000| Untracked 
|  32|0x00000000e2000000, 0x00000000e2000000, 0x00000000e2100000|  0%| F|  |TAMS 0x00000000e2000000, 0x00000000e2000000| Untracked 
|  33|0x00000000e2100000, 0x00000000e2100000, 0x00000000e2200000|  0%| F|  |TAMS 0x00000000e2100000, 0x00000000e2100000| Untracked 
|  34|0x00000000e2200000, 0x00000000e2200000, 0x00000000e2300000|  0%| F|  |TAMS 0x00000000e2200000, 0x00000000e2200000| Untracked 
|  35|0x00000000e2300000, 0x00000000e2300000, 0x00000000e2400000|  0%| F|  |TAMS 0x00000000e2300000, 0x00000000e2300000| Untracked 
|  36|0x00000000e2400000, 0x00000000e2400000, 0x00000000e2500000|  0%| F|  |TAMS 0x00000000e2400000, 0x00000000e2400000| Untracked 
|  37|0x00000000e2500000, 0x00000000e2500000, 0x00000000e2600000|  0%| F|  |TAMS 0x00000000e2500000, 0x00000000e2500000| Untracked 
|  38|0x00000000e2600000, 0x00000000e2600000, 0x00000000e2700000|  0%| F|  |TAMS 0x00000000e2600000, 0x00000000e2600000| Untracked 
|  39|0x00000000e2700000, 0x00000000e2700000, 0x00000000e2800000|  0%| F|  |TAMS 0x00000000e2700000, 0x00000000e2700000| Untracked 
|  40|0x00000000e2800000, 0x00000000e2800000, 0x00000000e2900000|  0%| F|  |TAMS 0x00000000e2800000, 0x00000000e2800000| Untracked 
|  41|0x00000000e2900000, 0x00000000e2900000, 0x00000000e2a00000|  0%| F|  |TAMS 0x00000000e2900000, 0x00000000e2900000| Untracked 
|  42|0x00000000e2a00000, 0x00000000e2a00000, 0x00000000e2b00000|  0%| F|  |TAMS 0x00000000e2a00000, 0x00000000e2a00000| Untracked 
|  43|0x00000000e2b00000, 0x00000000e2b00000, 0x00000000e2c00000|  0%| F|  |TAMS 0x00000000e2b00000, 0x00000000e2b00000| Untracked 
|  44|0x00000000e2c00000, 0x00000000e2c00000, 0x00000000e2d00000|  0%| F|  |TAMS 0x00000000e2c00000, 0x00000000e2c00000| Untracked 
|  45|0x00000000e2d00000, 0x00000000e2d00000, 0x00000000e2e00000|  0%| F|  |TAMS 0x00000000e2d00000, 0x00000000e2d00000| Untracked 
|  46|0x00000000e2e00000, 0x00000000e2e00000, 0x00000000e2f00000|  0%| F|  |TAMS 0x00000000e2e00000, 0x00000000e2e00000| Untracked 
|  47|0x00000000e2f00000, 0x00000000e2f00000, 0x00000000e3000000|  0%| F|  |TAMS 0x00000000e2f00000, 0x00000000e2f00000| Untracked 
|  48|0x00000000e3000000, 0x00000000e3000000, 0x00000000e3100000|  0%| F|  |TAMS 0x00000000e3000000, 0x00000000e3000000| Untracked 
|  49|0x00000000e3100000, 0x00000000e3100000, 0x00000000e3200000|  0%| F|  |TAMS 0x00000000e3100000, 0x00000000e3100000| Untracked 
|  50|0x00000000e3200000, 0x00000000e3200000, 0x00000000e3300000|  0%| F|  |TAMS 0x00000000e3200000, 0x00000000e3200000| Untracked 
|  51|0x00000000e3300000, 0x00000000e3300000, 0x00000000e3400000|  0%| F|  |TAMS 0x00000000e3300000, 0x00000000e3300000| Untracked 
|  52|0x00000000e3400000, 0x00000000e3400000, 0x00000000e3500000|  0%| F|  |TAMS 0x00000000e3400000, 0x00000000e3400000| Untracked 
|  53|0x00000000e3500000, 0x00000000e3500000, 0x00000000e3600000|  0%| F|  |TAMS 0x00000000e3500000, 0x00000000e3500000| Untracked 
|  54|0x00000000e3600000, 0x00000000e3600000, 0x00000000e3700000|  0%| F|  |TAMS 0x00000000e3600000, 0x00000000e3600000| Untracked 
|  55|0x00000000e3700000, 0x00000000e3700000, 0x00000000e3800000|  0%| F|  |TAMS 0x00000000e3700000, 0x00000000e3700000| Untracked 
|  56|0x00000000e3800000, 0x00000000e3800000, 0x00000000e3900000|  0%| F|  |TAMS 0x00000000e3800000, 0x00000000e3800000| Untracked 
|  57|0x00000000e3900000, 0x00000000e3900000, 0x00000000e3a00000|  0%| F|  |TAMS 0x00000000e3900000, 0x00000000e3900000| Untracked 
|  58|0x00000000e3a00000, 0x00000000e3a00000, 0x00000000e3b00000|  0%| F|  |TAMS 0x00000000e3a00000, 0x00000000e3a00000| Untracked 
|  59|0x00000000e3b00000, 0x00000000e3b00000, 0x00000000e3c00000|  0%| F|  |TAMS 0x00000000e3b00000, 0x00000000e3b00000| Untracked 
|  60|0x00000000e3c00000, 0x00000000e3c00000, 0x00000000e3d00000|  0%| F|  |TAMS 0x00000000e3c00000, 0x00000000e3c00000| Untracked 
|  61|0x00000000e3d00000, 0x00000000e3d00000, 0x00000000e3e00000|  0%| F|  |TAMS 0x00000000e3d00000, 0x00000000e3d00000| Untracked 
|  62|0x00000000e3e00000, 0x00000000e3e00000, 0x00000000e3f00000|  0%| F|  |TAMS 0x00000000e3e00000, 0x00000000e3e00000| Untracked 
|  63|0x00000000e3f00000, 0x00000000e3f00000, 0x00000000e4000000|  0%| F|  |TAMS 0x00000000e3f00000, 0x00000000e3f00000| Untracked 
|  64|0x00000000e4000000, 0x00000000e4000000, 0x00000000e4100000|  0%| F|  |TAMS 0x00000000e4000000, 0x00000000e4000000| Untracked 
|  65|0x00000000e4100000, 0x00000000e4100000, 0x00000000e4200000|  0%| F|  |TAMS 0x00000000e4100000, 0x00000000e4100000| Untracked 
|  66|0x00000000e4200000, 0x00000000e4200000, 0x00000000e4300000|  0%| F|  |TAMS 0x00000000e4200000, 0x00000000e4200000| Untracked 
|  67|0x00000000e4300000, 0x00000000e4300000, 0x00000000e4400000|  0%| F|  |TAMS 0x00000000e4300000, 0x00000000e4300000| Untracked 
|  68|0x00000000e4400000, 0x00000000e4400000, 0x00000000e4500000|  0%| F|  |TAMS 0x00000000e4400000, 0x00000000e4400000| Untracked 
|  69|0x00000000e4500000, 0x00000000e4500000, 0x00000000e4600000|  0%| F|  |TAMS 0x00000000e4500000, 0x00000000e4500000| Untracked 
|  70|0x00000000e4600000, 0x00000000e4600000, 0x00000000e4700000|  0%| F|  |TAMS 0x00000000e4600000, 0x00000000e4600000| Untracked 
|  71|0x00000000e4700000, 0x00000000e4700000, 0x00000000e4800000|  0%| F|  |TAMS 0x00000000e4700000, 0x00000000e4700000| Untracked 
|  72|0x00000000e4800000, 0x00000000e4800000, 0x00000000e4900000|  0%| F|  |TAMS 0x00000000e4800000, 0x00000000e4800000| Untracked 
|  73|0x00000000e4900000, 0x00000000e4900000, 0x00000000e4a00000|  0%| F|  |TAMS 0x00000000e4900000, 0x00000000e4900000| Untracked 
|  74|0x00000000e4a00000, 0x00000000e4a00000, 0x00000000e4b00000|  0%| F|  |TAMS 0x00000000e4a00000, 0x00000000e4a00000| Untracked 
|  75|0x00000000e4b00000, 0x00000000e4b00000, 0x00000000e4c00000|  0%| F|  |TAMS 0x00000000e4b00000, 0x00000000e4b00000| Untracked 
|  76|0x00000000e4c00000, 0x00000000e4c00000, 0x00000000e4d00000|  0%| F|  |TAMS 0x00000000e4c00000, 0x00000000e4c00000| Untracked 
|  77|0x00000000e4d00000, 0x00000000e4d00000, 0x00000000e4e00000|  0%| F|  |TAMS 0x00000000e4d00000, 0x00000000e4d00000| Untracked 
|  78|0x00000000e4e00000, 0x00000000e4e00000, 0x00000000e4f00000|  0%| F|  |TAMS 0x00000000e4e00000, 0x00000000e4e00000| Untracked 
|  79|0x00000000e4f00000, 0x00000000e4f00000, 0x00000000e5000000|  0%| F|  |TAMS 0x00000000e4f00000, 0x00000000e4f00000| Untracked 
|  80|0x00000000e5000000, 0x00000000e5000000, 0x00000000e5100000|  0%| F|  |TAMS 0x00000000e5000000, 0x00000000e5000000| Untracked 
|  81|0x00000000e5100000, 0x00000000e5100000, 0x00000000e5200000|  0%| F|  |TAMS 0x00000000e5100000, 0x00000000e5100000| Untracked 
|  82|0x00000000e5200000, 0x00000000e5200000, 0x00000000e5300000|  0%| F|  |TAMS 0x00000000e5200000, 0x00000000e5200000| Untracked 
|  83|0x00000000e5300000, 0x00000000e5300000, 0x00000000e5400000|  0%| F|  |TAMS 0x00000000e5300000, 0x00000000e5300000| Untracked 
|  84|0x00000000e5400000, 0x00000000e5400000, 0x00000000e5500000|  0%| F|  |TAMS 0x00000000e5400000, 0x00000000e5400000| Untracked 
|  85|0x00000000e5500000, 0x00000000e5500000, 0x00000000e5600000|  0%| F|  |TAMS 0x00000000e5500000, 0x00000000e5500000| Untracked 
|  86|0x00000000e5600000, 0x00000000e5600000, 0x00000000e5700000|  0%| F|  |TAMS 0x00000000e5600000, 0x00000000e5600000| Untracked 
|  87|0x00000000e5700000, 0x00000000e5700000, 0x00000000e5800000|  0%| F|  |TAMS 0x00000000e5700000, 0x00000000e5700000| Untracked 
|  88|0x00000000e5800000, 0x00000000e5800000, 0x00000000e5900000|  0%| F|  |TAMS 0x00000000e5800000, 0x00000000e5800000| Untracked 
|  89|0x00000000e5900000, 0x00000000e5900000, 0x00000000e5a00000|  0%| F|  |TAMS 0x00000000e5900000, 0x00000000e5900000| Untracked 
|  90|0x00000000e5a00000, 0x00000000e5a00000, 0x00000000e5b00000|  0%| F|  |TAMS 0x00000000e5a00000, 0x00000000e5a00000| Untracked 
|  91|0x00000000e5b00000, 0x00000000e5b00000, 0x00000000e5c00000|  0%| F|  |TAMS 0x00000000e5b00000, 0x00000000e5b00000| Untracked 
|  92|0x00000000e5c00000, 0x00000000e5c00000, 0x00000000e5d00000|  0%| F|  |TAMS 0x00000000e5c00000, 0x00000000e5c00000| Untracked 
|  93|0x00000000e5d00000, 0x00000000e5d00000, 0x00000000e5e00000|  0%| F|  |TAMS 0x00000000e5d00000, 0x00000000e5d00000| Untracked 
|  94|0x00000000e5e00000, 0x00000000e5e00000, 0x00000000e5f00000|  0%| F|  |TAMS 0x00000000e5e00000, 0x00000000e5e00000| Untracked 
|  95|0x00000000e5f00000, 0x00000000e5f00000, 0x00000000e6000000|  0%| F|  |TAMS 0x00000000e5f00000, 0x00000000e5f00000| Untracked 
|  96|0x00000000e6000000, 0x00000000e6000000, 0x00000000e6100000|  0%| F|  |TAMS 0x00000000e6000000, 0x00000000e6000000| Untracked 
|  97|0x00000000e6100000, 0x00000000e6100000, 0x00000000e6200000|  0%| F|  |TAMS 0x00000000e6100000, 0x00000000e6100000| Untracked 
|  98|0x00000000e6200000, 0x00000000e6200000, 0x00000000e6300000|  0%| F|  |TAMS 0x00000000e6200000, 0x00000000e6200000| Untracked 
|  99|0x00000000e6300000, 0x00000000e6300000, 0x00000000e6400000|  0%| F|  |TAMS 0x00000000e6300000, 0x00000000e6300000| Untracked 
| 100|0x00000000e6400000, 0x00000000e6400000, 0x00000000e6500000|  0%| F|  |TAMS 0x00000000e6400000, 0x00000000e6400000| Untracked 
| 101|0x00000000e6500000, 0x00000000e6500000, 0x00000000e6600000|  0%| F|  |TAMS 0x00000000e6500000, 0x00000000e6500000| Untracked 
| 102|0x00000000e6600000, 0x00000000e6600000, 0x00000000e6700000|  0%| F|  |TAMS 0x00000000e6600000, 0x00000000e6600000| Untracked 
| 103|0x00000000e6700000, 0x00000000e6700000, 0x00000000e6800000|  0%| F|  |TAMS 0x00000000e6700000, 0x00000000e6700000| Untracked 
| 104|0x00000000e6800000, 0x00000000e6800000, 0x00000000e6900000|  0%| F|  |TAMS 0x00000000e6800000, 0x00000000e6800000| Untracked 
| 105|0x00000000e6900000, 0x00000000e6900000, 0x00000000e6a00000|  0%| F|  |TAMS 0x00000000e6900000, 0x00000000e6900000| Untracked 
| 106|0x00000000e6a00000, 0x00000000e6a00000, 0x00000000e6b00000|  0%| F|  |TAMS 0x00000000e6a00000, 0x00000000e6a00000| Untracked 
| 107|0x00000000e6b00000, 0x00000000e6b00000, 0x00000000e6c00000|  0%| F|  |TAMS 0x00000000e6b00000, 0x00000000e6b00000| Untracked 
| 108|0x00000000e6c00000, 0x00000000e6c00000, 0x00000000e6d00000|  0%| F|  |TAMS 0x00000000e6c00000, 0x00000000e6c00000| Untracked 
| 109|0x00000000e6d00000, 0x00000000e6d00000, 0x00000000e6e00000|  0%| F|  |TAMS 0x00000000e6d00000, 0x00000000e6d00000| Untracked 
| 110|0x00000000e6e00000, 0x00000000e6e00000, 0x00000000e6f00000|  0%| F|  |TAMS 0x00000000e6e00000, 0x00000000e6e00000| Untracked 
| 111|0x00000000e6f00000, 0x00000000e6f00000, 0x00000000e7000000|  0%| F|  |TAMS 0x00000000e6f00000, 0x00000000e6f00000| Untracked 
| 112|0x00000000e7000000, 0x00000000e7000000, 0x00000000e7100000|  0%| F|  |TAMS 0x00000000e7000000, 0x00000000e7000000| Untracked 
| 113|0x00000000e7100000, 0x00000000e7100000, 0x00000000e7200000|  0%| F|  |TAMS 0x00000000e7100000, 0x00000000e7100000| Untracked 
| 114|0x00000000e7200000, 0x00000000e7200000, 0x00000000e7300000|  0%| F|  |TAMS 0x00000000e7200000, 0x00000000e7200000| Untracked 
| 115|0x00000000e7300000, 0x00000000e7300000, 0x00000000e7400000|  0%| F|  |TAMS 0x00000000e7300000, 0x00000000e7300000| Untracked 
| 116|0x00000000e7400000, 0x00000000e7400000, 0x00000000e7500000|  0%| F|  |TAMS 0x00000000e7400000, 0x00000000e7400000| Untracked 
| 117|0x00000000e7500000, 0x00000000e7500000, 0x00000000e7600000|  0%| F|  |TAMS 0x00000000e7500000, 0x00000000e7500000| Untracked 
| 118|0x00000000e7600000, 0x00000000e7600000, 0x00000000e7700000|  0%| F|  |TAMS 0x00000000e7600000, 0x00000000e7600000| Untracked 
| 119|0x00000000e7700000, 0x00000000e7700000, 0x00000000e7800000|  0%| F|  |TAMS 0x00000000e7700000, 0x00000000e7700000| Untracked 
| 120|0x00000000e7800000, 0x00000000e7800000, 0x00000000e7900000|  0%| F|  |TAMS 0x00000000e7800000, 0x00000000e7800000| Untracked 
| 121|0x00000000e7900000, 0x00000000e7900000, 0x00000000e7a00000|  0%| F|  |TAMS 0x00000000e7900000, 0x00000000e7900000| Untracked 
| 122|0x00000000e7a00000, 0x00000000e7a00000, 0x00000000e7b00000|  0%| F|  |TAMS 0x00000000e7a00000, 0x00000000e7a00000| Untracked 
| 123|0x00000000e7b00000, 0x00000000e7b00000, 0x00000000e7c00000|  0%| F|  |TAMS 0x00000000e7b00000, 0x00000000e7b00000| Untracked 
| 124|0x00000000e7c00000, 0x00000000e7c00000, 0x00000000e7d00000|  0%| F|  |TAMS 0x00000000e7c00000, 0x00000000e7c00000| Untracked 
| 125|0x00000000e7d00000, 0x00000000e7d00000, 0x00000000e7e00000|  0%| F|  |TAMS 0x00000000e7d00000, 0x00000000e7d00000| Untracked 
| 126|0x00000000e7e00000, 0x00000000e7e00000, 0x00000000e7f00000|  0%| F|  |TAMS 0x00000000e7e00000, 0x00000000e7e00000| Untracked 
| 127|0x00000000e7f00000, 0x00000000e7f00000, 0x00000000e8000000|  0%| F|  |TAMS 0x00000000e7f00000, 0x00000000e7f00000| Untracked 
| 128|0x00000000e8000000, 0x00000000e8000000, 0x00000000e8100000|  0%| F|  |TAMS 0x00000000e8000000, 0x00000000e8000000| Untracked 
| 129|0x00000000e8100000, 0x00000000e8100000, 0x00000000e8200000|  0%| F|  |TAMS 0x00000000e8100000, 0x00000000e8100000| Untracked 
| 130|0x00000000e8200000, 0x00000000e8200000, 0x00000000e8300000|  0%| F|  |TAMS 0x00000000e8200000, 0x00000000e8200000| Untracked 
| 131|0x00000000e8300000, 0x00000000e8300000, 0x00000000e8400000|  0%| F|  |TAMS 0x00000000e8300000, 0x00000000e8300000| Untracked 
| 132|0x00000000e8400000, 0x00000000e8400000, 0x00000000e8500000|  0%| F|  |TAMS 0x00000000e8400000, 0x00000000e8400000| Untracked 
| 133|0x00000000e8500000, 0x00000000e8500000, 0x00000000e8600000|  0%| F|  |TAMS 0x00000000e8500000, 0x00000000e8500000| Untracked 
| 134|0x00000000e8600000, 0x00000000e8600000, 0x00000000e8700000|  0%| F|  |TAMS 0x00000000e8600000, 0x00000000e8600000| Untracked 
| 135|0x00000000e8700000, 0x00000000e8700000, 0x00000000e8800000|  0%| F|  |TAMS 0x00000000e8700000, 0x00000000e8700000| Untracked 
| 136|0x00000000e8800000, 0x00000000e8800000, 0x00000000e8900000|  0%| F|  |TAMS 0x00000000e8800000, 0x00000000e8800000| Untracked 
| 137|0x00000000e8900000, 0x00000000e8900000, 0x00000000e8a00000|  0%| F|  |TAMS 0x00000000e8900000, 0x00000000e8900000| Untracked 
| 138|0x00000000e8a00000, 0x00000000e8a00000, 0x00000000e8b00000|  0%| F|  |TAMS 0x00000000e8a00000, 0x00000000e8a00000| Untracked 
| 139|0x00000000e8b00000, 0x00000000e8b00000, 0x00000000e8c00000|  0%| F|  |TAMS 0x00000000e8b00000, 0x00000000e8b00000| Untracked 
| 140|0x00000000e8c00000, 0x00000000e8c00000, 0x00000000e8d00000|  0%| F|  |TAMS 0x00000000e8c00000, 0x00000000e8c00000| Untracked 
| 141|0x00000000e8d00000, 0x00000000e8d00000, 0x00000000e8e00000|  0%| F|  |TAMS 0x00000000e8d00000, 0x00000000e8d00000| Untracked 
| 142|0x00000000e8e00000, 0x00000000e8e00000, 0x00000000e8f00000|  0%| F|  |TAMS 0x00000000e8e00000, 0x00000000e8e00000| Untracked 
| 143|0x00000000e8f00000, 0x00000000e8f00000, 0x00000000e9000000|  0%| F|  |TAMS 0x00000000e8f00000, 0x00000000e8f00000| Untracked 
| 144|0x00000000e9000000, 0x00000000e9000000, 0x00000000e9100000|  0%| F|  |TAMS 0x00000000e9000000, 0x00000000e9000000| Untracked 
| 145|0x00000000e9100000, 0x00000000e9100000, 0x00000000e9200000|  0%| F|  |TAMS 0x00000000e9100000, 0x00000000e9100000| Untracked 
| 146|0x00000000e9200000, 0x00000000e9200000, 0x00000000e9300000|  0%| F|  |TAMS 0x00000000e9200000, 0x00000000e9200000| Untracked 
| 147|0x00000000e9300000, 0x00000000e9300000, 0x00000000e9400000|  0%| F|  |TAMS 0x00000000e9300000, 0x00000000e9300000| Untracked 
| 148|0x00000000e9400000, 0x00000000e9400000, 0x00000000e9500000|  0%| F|  |TAMS 0x00000000e9400000, 0x00000000e9400000| Untracked 
| 149|0x00000000e9500000, 0x00000000e9500000, 0x00000000e9600000|  0%| F|  |TAMS 0x00000000e9500000, 0x00000000e9500000| Untracked 
| 150|0x00000000e9600000, 0x00000000e9600000, 0x00000000e9700000|  0%| F|  |TAMS 0x00000000e9600000, 0x00000000e9600000| Untracked 
| 151|0x00000000e9700000, 0x00000000e9700000, 0x00000000e9800000|  0%| F|  |TAMS 0x00000000e9700000, 0x00000000e9700000| Untracked 
| 152|0x00000000e9800000, 0x00000000e9800000, 0x00000000e9900000|  0%| F|  |TAMS 0x00000000e9800000, 0x00000000e9800000| Untracked 
| 153|0x00000000e9900000, 0x00000000e9900000, 0x00000000e9a00000|  0%| F|  |TAMS 0x00000000e9900000, 0x00000000e9900000| Untracked 
| 154|0x00000000e9a00000, 0x00000000e9a00000, 0x00000000e9b00000|  0%| F|  |TAMS 0x00000000e9a00000, 0x00000000e9a00000| Untracked 
| 155|0x00000000e9b00000, 0x00000000e9b00000, 0x00000000e9c00000|  0%| F|  |TAMS 0x00000000e9b00000, 0x00000000e9b00000| Untracked 
| 156|0x00000000e9c00000, 0x00000000e9c00000, 0x00000000e9d00000|  0%| F|  |TAMS 0x00000000e9c00000, 0x00000000e9c00000| Untracked 
| 157|0x00000000e9d00000, 0x00000000e9d00000, 0x00000000e9e00000|  0%| F|  |TAMS 0x00000000e9d00000, 0x00000000e9d00000| Untracked 
| 158|0x00000000e9e00000, 0x00000000e9e00000, 0x00000000e9f00000|  0%| F|  |TAMS 0x00000000e9e00000, 0x00000000e9e00000| Untracked 
| 159|0x00000000e9f00000, 0x00000000e9fb9f30, 0x00000000ea000000| 72%| S|CS|TAMS 0x00000000e9f00000, 0x00000000e9f00000| Complete 
| 160|0x00000000ea000000, 0x00000000ea100000, 0x00000000ea100000|100%| S|CS|TAMS 0x00000000ea000000, 0x00000000ea000000| Complete 
| 161|0x00000000ea100000, 0x00000000ea200000, 0x00000000ea200000|100%| S|CS|TAMS 0x00000000ea100000, 0x00000000ea100000| Complete 
| 162|0x00000000ea200000, 0x00000000ea300000, 0x00000000ea300000|100%| S|CS|TAMS 0x00000000ea200000, 0x00000000ea200000| Complete 
| 163|0x00000000ea300000, 0x00000000ea400000, 0x00000000ea400000|100%| S|CS|TAMS 0x00000000ea300000, 0x00000000ea300000| Complete 
| 164|0x00000000ea400000, 0x00000000ea500000, 0x00000000ea500000|100%| S|CS|TAMS 0x00000000ea400000, 0x00000000ea400000| Complete 
| 165|0x00000000ea500000, 0x00000000ea600000, 0x00000000ea600000|100%| S|CS|TAMS 0x00000000ea500000, 0x00000000ea500000| Complete 
| 166|0x00000000ea600000, 0x00000000ea700000, 0x00000000ea700000|100%| S|CS|TAMS 0x00000000ea600000, 0x00000000ea600000| Complete 
| 167|0x00000000ea700000, 0x00000000ea800000, 0x00000000ea800000|100%| S|CS|TAMS 0x00000000ea700000, 0x00000000ea700000| Complete 
| 168|0x00000000ea800000, 0x00000000ea900000, 0x00000000ea900000|100%| S|CS|TAMS 0x00000000ea800000, 0x00000000ea800000| Complete 
| 169|0x00000000ea900000, 0x00000000eaa00000, 0x00000000eaa00000|100%| S|CS|TAMS 0x00000000ea900000, 0x00000000ea900000| Complete 
| 170|0x00000000eaa00000, 0x00000000eaa00000, 0x00000000eab00000|  0%| F|  |TAMS 0x00000000eaa00000, 0x00000000eaa00000| Untracked 
| 171|0x00000000eab00000, 0x00000000eab00000, 0x00000000eac00000|  0%| F|  |TAMS 0x00000000eab00000, 0x00000000eab00000| Untracked 
| 172|0x00000000eac00000, 0x00000000eac00000, 0x00000000ead00000|  0%| F|  |TAMS 0x00000000eac00000, 0x00000000eac00000| Untracked 
| 173|0x00000000ead00000, 0x00000000ead00000, 0x00000000eae00000|  0%| F|  |TAMS 0x00000000ead00000, 0x00000000ead00000| Untracked 
| 174|0x00000000eae00000, 0x00000000eae00000, 0x00000000eaf00000|  0%| F|  |TAMS 0x00000000eae00000, 0x00000000eae00000| Untracked 
| 175|0x00000000eaf00000, 0x00000000eaf00000, 0x00000000eb000000|  0%| F|  |TAMS 0x00000000eaf00000, 0x00000000eaf00000| Untracked 
| 176|0x00000000eb000000, 0x00000000eb000000, 0x00000000eb100000|  0%| F|  |TAMS 0x00000000eb000000, 0x00000000eb000000| Untracked 
| 177|0x00000000eb100000, 0x00000000eb100000, 0x00000000eb200000|  0%| F|  |TAMS 0x00000000eb100000, 0x00000000eb100000| Untracked 
| 178|0x00000000eb200000, 0x00000000eb200000, 0x00000000eb300000|  0%| F|  |TAMS 0x00000000eb200000, 0x00000000eb200000| Untracked 
| 179|0x00000000eb300000, 0x00000000eb300000, 0x00000000eb400000|  0%| F|  |TAMS 0x00000000eb300000, 0x00000000eb300000| Untracked 
| 180|0x00000000eb400000, 0x00000000eb400000, 0x00000000eb500000|  0%| F|  |TAMS 0x00000000eb400000, 0x00000000eb400000| Untracked 
| 181|0x00000000eb500000, 0x00000000eb500000, 0x00000000eb600000|  0%| F|  |TAMS 0x00000000eb500000, 0x00000000eb500000| Untracked 
| 182|0x00000000eb600000, 0x00000000eb600000, 0x00000000eb700000|  0%| F|  |TAMS 0x00000000eb600000, 0x00000000eb600000| Untracked 
| 183|0x00000000eb700000, 0x00000000eb700000, 0x00000000eb800000|  0%| F|  |TAMS 0x00000000eb700000, 0x00000000eb700000| Untracked 
| 184|0x00000000eb800000, 0x00000000eb800000, 0x00000000eb900000|  0%| F|  |TAMS 0x00000000eb800000, 0x00000000eb800000| Untracked 
| 185|0x00000000eb900000, 0x00000000eb900000, 0x00000000eba00000|  0%| F|  |TAMS 0x00000000eb900000, 0x00000000eb900000| Untracked 
| 186|0x00000000eba00000, 0x00000000eba00000, 0x00000000ebb00000|  0%| F|  |TAMS 0x00000000eba00000, 0x00000000eba00000| Untracked 
| 187|0x00000000ebb00000, 0x00000000ebb00000, 0x00000000ebc00000|  0%| F|  |TAMS 0x00000000ebb00000, 0x00000000ebb00000| Untracked 
| 188|0x00000000ebc00000, 0x00000000ebc00000, 0x00000000ebd00000|  0%| F|  |TAMS 0x00000000ebc00000, 0x00000000ebc00000| Untracked 
| 189|0x00000000ebd00000, 0x00000000ebd00000, 0x00000000ebe00000|  0%| F|  |TAMS 0x00000000ebd00000, 0x00000000ebd00000| Untracked 
| 190|0x00000000ebe00000, 0x00000000ebe00000, 0x00000000ebf00000|  0%| F|  |TAMS 0x00000000ebe00000, 0x00000000ebe00000| Untracked 
| 191|0x00000000ebf00000, 0x00000000ebf00000, 0x00000000ec000000|  0%| F|  |TAMS 0x00000000ebf00000, 0x00000000ebf00000| Untracked 
| 192|0x00000000ec000000, 0x00000000ec000000, 0x00000000ec100000|  0%| F|  |TAMS 0x00000000ec000000, 0x00000000ec000000| Untracked 
| 193|0x00000000ec100000, 0x00000000ec100000, 0x00000000ec200000|  0%| F|  |TAMS 0x00000000ec100000, 0x00000000ec100000| Untracked 
| 194|0x00000000ec200000, 0x00000000ec200000, 0x00000000ec300000|  0%| F|  |TAMS 0x00000000ec200000, 0x00000000ec200000| Untracked 
| 195|0x00000000ec300000, 0x00000000ec300000, 0x00000000ec400000|  0%| F|  |TAMS 0x00000000ec300000, 0x00000000ec300000| Untracked 
| 196|0x00000000ec400000, 0x00000000ec400000, 0x00000000ec500000|  0%| F|  |TAMS 0x00000000ec400000, 0x00000000ec400000| Untracked 
| 197|0x00000000ec500000, 0x00000000ec500000, 0x00000000ec600000|  0%| F|  |TAMS 0x00000000ec500000, 0x00000000ec500000| Untracked 
| 198|0x00000000ec600000, 0x00000000ec600000, 0x00000000ec700000|  0%| F|  |TAMS 0x00000000ec600000, 0x00000000ec600000| Untracked 
| 199|0x00000000ec700000, 0x00000000ec700000, 0x00000000ec800000|  0%| F|  |TAMS 0x00000000ec700000, 0x00000000ec700000| Untracked 
| 200|0x00000000ec800000, 0x00000000ec800000, 0x00000000ec900000|  0%| F|  |TAMS 0x00000000ec800000, 0x00000000ec800000| Untracked 
| 201|0x00000000ec900000, 0x00000000ec900000, 0x00000000eca00000|  0%| F|  |TAMS 0x00000000ec900000, 0x00000000ec900000| Untracked 
| 202|0x00000000eca00000, 0x00000000eca00000, 0x00000000ecb00000|  0%| F|  |TAMS 0x00000000eca00000, 0x00000000eca00000| Untracked 
| 203|0x00000000ecb00000, 0x00000000ecb00000, 0x00000000ecc00000|  0%| F|  |TAMS 0x00000000ecb00000, 0x00000000ecb00000| Untracked 
| 204|0x00000000ecc00000, 0x00000000ecc00000, 0x00000000ecd00000|  0%| F|  |TAMS 0x00000000ecc00000, 0x00000000ecc00000| Untracked 
| 205|0x00000000ecd00000, 0x00000000ecd00000, 0x00000000ece00000|  0%| F|  |TAMS 0x00000000ecd00000, 0x00000000ecd00000| Untracked 
| 206|0x00000000ece00000, 0x00000000ece00000, 0x00000000ecf00000|  0%| F|  |TAMS 0x00000000ece00000, 0x00000000ece00000| Untracked 
| 207|0x00000000ecf00000, 0x00000000ecf00000, 0x00000000ed000000|  0%| F|  |TAMS 0x00000000ecf00000, 0x00000000ecf00000| Untracked 
| 208|0x00000000ed000000, 0x00000000ed000000, 0x00000000ed100000|  0%| F|  |TAMS 0x00000000ed000000, 0x00000000ed000000| Untracked 
| 209|0x00000000ed100000, 0x00000000ed100000, 0x00000000ed200000|  0%| F|  |TAMS 0x00000000ed100000, 0x00000000ed100000| Untracked 
| 210|0x00000000ed200000, 0x00000000ed200000, 0x00000000ed300000|  0%| F|  |TAMS 0x00000000ed200000, 0x00000000ed200000| Untracked 
| 211|0x00000000ed300000, 0x00000000ed300000, 0x00000000ed400000|  0%| F|  |TAMS 0x00000000ed300000, 0x00000000ed300000| Untracked 
| 212|0x00000000ed400000, 0x00000000ed400000, 0x00000000ed500000|  0%| F|  |TAMS 0x00000000ed400000, 0x00000000ed400000| Untracked 
| 213|0x00000000ed500000, 0x00000000ed500000, 0x00000000ed600000|  0%| F|  |TAMS 0x00000000ed500000, 0x00000000ed500000| Untracked 
| 214|0x00000000ed600000, 0x00000000ed600000, 0x00000000ed700000|  0%| F|  |TAMS 0x00000000ed600000, 0x00000000ed600000| Untracked 
| 215|0x00000000ed700000, 0x00000000ed700000, 0x00000000ed800000|  0%| F|  |TAMS 0x00000000ed700000, 0x00000000ed700000| Untracked 
| 216|0x00000000ed800000, 0x00000000ed800000, 0x00000000ed900000|  0%| F|  |TAMS 0x00000000ed800000, 0x00000000ed800000| Untracked 
| 217|0x00000000ed900000, 0x00000000ed900000, 0x00000000eda00000|  0%| F|  |TAMS 0x00000000ed900000, 0x00000000ed900000| Untracked 
| 218|0x00000000eda00000, 0x00000000eda00000, 0x00000000edb00000|  0%| F|  |TAMS 0x00000000eda00000, 0x00000000eda00000| Untracked 
| 219|0x00000000edb00000, 0x00000000edb00000, 0x00000000edc00000|  0%| F|  |TAMS 0x00000000edb00000, 0x00000000edb00000| Untracked 
| 220|0x00000000edc00000, 0x00000000edc00000, 0x00000000edd00000|  0%| F|  |TAMS 0x00000000edc00000, 0x00000000edc00000| Untracked 
| 221|0x00000000edd00000, 0x00000000edd00000, 0x00000000ede00000|  0%| F|  |TAMS 0x00000000edd00000, 0x00000000edd00000| Untracked 
| 222|0x00000000ede00000, 0x00000000ede00000, 0x00000000edf00000|  0%| F|  |TAMS 0x00000000ede00000, 0x00000000ede00000| Untracked 
| 223|0x00000000edf00000, 0x00000000edf00000, 0x00000000ee000000|  0%| F|  |TAMS 0x00000000edf00000, 0x00000000edf00000| Untracked 
| 224|0x00000000ee000000, 0x00000000ee000000, 0x00000000ee100000|  0%| F|  |TAMS 0x00000000ee000000, 0x00000000ee000000| Untracked 
| 225|0x00000000ee100000, 0x00000000ee100000, 0x00000000ee200000|  0%| F|  |TAMS 0x00000000ee100000, 0x00000000ee100000| Untracked 
| 226|0x00000000ee200000, 0x00000000ee200000, 0x00000000ee300000|  0%| F|  |TAMS 0x00000000ee200000, 0x00000000ee200000| Untracked 
| 227|0x00000000ee300000, 0x00000000ee300000, 0x00000000ee400000|  0%| F|  |TAMS 0x00000000ee300000, 0x00000000ee300000| Untracked 
| 228|0x00000000ee400000, 0x00000000ee400000, 0x00000000ee500000|  0%| F|  |TAMS 0x00000000ee400000, 0x00000000ee400000| Untracked 
| 229|0x00000000ee500000, 0x00000000ee500000, 0x00000000ee600000|  0%| F|  |TAMS 0x00000000ee500000, 0x00000000ee500000| Untracked 
| 230|0x00000000ee600000, 0x00000000ee600000, 0x00000000ee700000|  0%| F|  |TAMS 0x00000000ee600000, 0x00000000ee600000| Untracked 
| 231|0x00000000ee700000, 0x00000000ee700000, 0x00000000ee800000|  0%| F|  |TAMS 0x00000000ee700000, 0x00000000ee700000| Untracked 
| 232|0x00000000ee800000, 0x00000000ee800000, 0x00000000ee900000|  0%| F|  |TAMS 0x00000000ee800000, 0x00000000ee800000| Untracked 
| 233|0x00000000ee900000, 0x00000000ee900000, 0x00000000eea00000|  0%| F|  |TAMS 0x00000000ee900000, 0x00000000ee900000| Untracked 
| 234|0x00000000eea00000, 0x00000000eea00000, 0x00000000eeb00000|  0%| F|  |TAMS 0x00000000eea00000, 0x00000000eea00000| Untracked 
| 235|0x00000000eeb00000, 0x00000000eeb00000, 0x00000000eec00000|  0%| F|  |TAMS 0x00000000eeb00000, 0x00000000eeb00000| Untracked 
| 236|0x00000000eec00000, 0x00000000eec00000, 0x00000000eed00000|  0%| F|  |TAMS 0x00000000eec00000, 0x00000000eec00000| Untracked 
| 237|0x00000000eed00000, 0x00000000eed00000, 0x00000000eee00000|  0%| F|  |TAMS 0x00000000eed00000, 0x00000000eed00000| Untracked 
| 238|0x00000000eee00000, 0x00000000eee00000, 0x00000000eef00000|  0%| F|  |TAMS 0x00000000eee00000, 0x00000000eee00000| Untracked 
| 239|0x00000000eef00000, 0x00000000eef00000, 0x00000000ef000000|  0%| F|  |TAMS 0x00000000eef00000, 0x00000000eef00000| Untracked 
| 240|0x00000000ef000000, 0x00000000ef000000, 0x00000000ef100000|  0%| F|  |TAMS 0x00000000ef000000, 0x00000000ef000000| Untracked 
| 241|0x00000000ef100000, 0x00000000ef100000, 0x00000000ef200000|  0%| F|  |TAMS 0x00000000ef100000, 0x00000000ef100000| Untracked 
| 242|0x00000000ef200000, 0x00000000ef200000, 0x00000000ef300000|  0%| F|  |TAMS 0x00000000ef200000, 0x00000000ef200000| Untracked 
| 243|0x00000000ef300000, 0x00000000ef300000, 0x00000000ef400000|  0%| F|  |TAMS 0x00000000ef300000, 0x00000000ef300000| Untracked 
| 244|0x00000000ef400000, 0x00000000ef400000, 0x00000000ef500000|  0%| F|  |TAMS 0x00000000ef400000, 0x00000000ef400000| Untracked 
| 245|0x00000000ef500000, 0x00000000ef500000, 0x00000000ef600000|  0%| F|  |TAMS 0x00000000ef500000, 0x00000000ef500000| Untracked 
| 246|0x00000000ef600000, 0x00000000ef600000, 0x00000000ef700000|  0%| F|  |TAMS 0x00000000ef600000, 0x00000000ef600000| Untracked 
| 247|0x00000000ef700000, 0x00000000ef7cfd28, 0x00000000ef800000| 81%| E|  |TAMS 0x00000000ef700000, 0x00000000ef700000| Complete 
| 248|0x00000000ef800000, 0x00000000ef900000, 0x00000000ef900000|100%| E|CS|TAMS 0x00000000ef800000, 0x00000000ef800000| Complete 
| 249|0x00000000ef900000, 0x00000000efa00000, 0x00000000efa00000|100%| E|CS|TAMS 0x00000000ef900000, 0x00000000ef900000| Complete 
| 250|0x00000000efa00000, 0x00000000efb00000, 0x00000000efb00000|100%| E|CS|TAMS 0x00000000efa00000, 0x00000000efa00000| Complete 
| 251|0x00000000efb00000, 0x00000000efc00000, 0x00000000efc00000|100%| E|CS|TAMS 0x00000000efb00000, 0x00000000efb00000| Complete 
| 252|0x00000000efc00000, 0x00000000efd00000, 0x00000000efd00000|100%| E|CS|TAMS 0x00000000efc00000, 0x00000000efc00000| Complete 
| 253|0x00000000efd00000, 0x00000000efe00000, 0x00000000efe00000|100%| E|CS|TAMS 0x00000000efd00000, 0x00000000efd00000| Complete 
| 254|0x00000000efe00000, 0x00000000eff00000, 0x00000000eff00000|100%| E|CS|TAMS 0x00000000efe00000, 0x00000000efe00000| Complete 
| 255|0x00000000eff00000, 0x00000000f0000000, 0x00000000f0000000|100%| E|CS|TAMS 0x00000000eff00000, 0x00000000eff00000| Complete 

Card table byte_map: [0x000001d696f40000,0x000001d697040000] _byte_map_base: 0x000001d696840000

Marking Bits (Prev, Next): (CMBitMap*) 0x000001d6820efd70, (CMBitMap*) 0x000001d6820efd38
 Prev Bits: [0x000001d697940000, 0x000001d698140000)
 Next Bits: [0x000001d697140000, 0x000001d697940000)

Polling page: 0x000001d6821b0000

Metaspace:

Usage:
  Non-class:     18.83 MB capacity,    18.38 MB ( 98%) used,   419.10 KB (  2%) free+waste,    39.38 KB ( <1%) overhead. 
      Class:      2.82 MB capacity,     2.64 MB ( 93%) used,   170.93 KB (  6%) free+waste,    19.63 KB ( <1%) overhead. 
       Both:     21.65 MB capacity,    21.02 MB ( 97%) used,   590.03 KB (  3%) free+waste,    59.00 KB ( <1%) overhead. 

Virtual space:
  Non-class space:       26.00 MB reserved,      19.00 MB ( 73%) committed 
      Class space:      248.00 MB reserved,       2.88 MB (  1%) committed 
             Both:      274.00 MB reserved,      21.88 MB (  8%) committed 

Chunk freelists:
   Non-Class:  44.00 KB
       Class:  23.00 KB
        Both:  67.00 KB

MaxMetaspaceSize: 256.00 MB
CompressedClassSpaceSize: 248.00 MB
Initial GC threshold: 20.80 MB
Current GC threshold: 35.00 MB
CDS: off

CodeHeap 'non-profiled nmethods': size=120000Kb used=975Kb max_used=975Kb free=119024Kb
 bounds [0x000001d68eea0000, 0x000001d68f110000, 0x000001d6963d0000]
CodeHeap 'profiled nmethods': size=120000Kb used=3985Kb max_used=3985Kb free=116015Kb
 bounds [0x000001d687970000, 0x000001d687d60000, 0x000001d68eea0000]
CodeHeap 'non-nmethods': size=5760Kb used=1196Kb max_used=1235Kb free=4563Kb
 bounds [0x000001d6873d0000, 0x000001d687640000, 0x000001d687970000]
 total_blobs=2365 nmethods=1906 adapters=372
 compilation: enabled
              stopped_count=0, restarted_count=0
 full_count=0

Compilation events (20 events):
Event: 3.655 Thread 0x000001d69b564000 1890       3       java.lang.reflect.ProxyGenerator::codeLocalLoadStore (90 bytes)
Event: 3.656 Thread 0x000001d69b564000 nmethod 1890 0x000001d687d46a10 code [0x000001d687d46cc0, 0x000001d687d47aa8]
Event: 3.657 Thread 0x000001d69b564000 1891       3       java.util.regex.Pattern$BmpCharPropertyGreedy::match (89 bytes)
Event: 3.657 Thread 0x000001d69b564000 nmethod 1891 0x000001d687d47f10 code [0x000001d687d48120, 0x000001d687d48748]
Event: 3.659 Thread 0x000001d69b564000 1892       3       java.util.concurrent.locks.AbstractQueuedSynchronizer::release (33 bytes)
Event: 3.659 Thread 0x000001d69b564000 nmethod 1892 0x000001d687d48990 code [0x000001d687d48b60, 0x000001d687d48e38]
Event: 3.660 Thread 0x000001d69b564000 1893       1       java.net.InetAddress::holder (5 bytes)
Event: 3.660 Thread 0x000001d69b564000 nmethod 1893 0x000001d68ef92b90 code [0x000001d68ef92d40, 0x000001d68ef92df8]
Event: 3.660 Thread 0x000001d69b564000 1894       3       java.util.concurrent.locks.ReentrantLock$Sync::nonfairTryAcquire (67 bytes)
Event: 3.661 Thread 0x000001d69b564000 nmethod 1894 0x000001d687d48f10 code [0x000001d687d49160, 0x000001d687d49a48]
Event: 3.661 Thread 0x000001d69b564000 1896       3       java.util.concurrent.locks.ReentrantLock$Sync::tryRelease (45 bytes)
Event: 3.662 Thread 0x000001d69b564000 nmethod 1896 0x000001d687d49d90 code [0x000001d687d49f60, 0x000001d687d4a248]
Event: 3.662 Thread 0x000001d69b564000 1895  s    3       java.io.ByteArrayInputStream::read (36 bytes)
Event: 3.662 Thread 0x000001d69b564000 nmethod 1895 0x000001d687d4a310 code [0x000001d687d4a4c0, 0x000001d687d4a7b8]
Event: 3.662 Thread 0x000001d69cf6f800 1897       4       java.util.LinkedHashMap::get (33 bytes)
Event: 3.665 Thread 0x000001d69cf6f800 nmethod 1897 0x000001d68ef92e90 code [0x000001d68ef93040, 0x000001d68ef932f8]
Event: 3.666 Thread 0x000001d69b55d800 1898   !   4       java.util.zip.InflaterInputStream::read (138 bytes)
Event: 3.669 Thread 0x000001d69cf6f800 1899       4       java.io.RandomAccessFile::readFully (45 bytes)
Event: 3.670 Thread 0x000001d69cf6f800 nmethod 1899 0x000001d68ef93590 code [0x000001d68ef93740, 0x000001d68ef93808]
Event: 3.671 Thread 0x000001d69cf6f800 1900   !   4       java.util.concurrent.ConcurrentHashMap::putVal (432 bytes)

GC Heap History (4 events):
Event: 1.184 GC heap before
{Heap before GC invocations=0 (full 0):
 garbage-first heap   total 262144K, used 29696K [0x00000000e0000000, 0x0000000100000000)
  region size 1024K, 24 young (24576K), 0 survivors (0K)
 Metaspace       used 10711K, capacity 11004K, committed 11264K, reserved 264192K
  class space    used 1131K, capacity 1200K, committed 1280K, reserved 253952K
}
Event: 1.191 GC heap after
{Heap after GC invocations=1 (full 0):
 garbage-first heap   total 262144K, used 8663K [0x00000000e0000000, 0x0000000100000000)
  region size 1024K, 3 young (3072K), 3 survivors (3072K)
 Metaspace       used 10711K, capacity 11004K, committed 11264K, reserved 264192K
  class space    used 1131K, capacity 1200K, committed 1280K, reserved 253952K
}
Event: 3.607 GC heap before
{Heap before GC invocations=1 (full 0):
 garbage-first heap   total 262144K, used 91607K [0x00000000e0000000, 0x0000000100000000)
  region size 1024K, 86 young (88064K), 3 survivors (3072K)
 Metaspace       used 20553K, capacity 21070K, committed 21248K, reserved 272384K
  class space    used 2515K, capacity 2691K, committed 2816K, reserved 253952K
}
Event: 3.621 GC heap after
{Heap after GC invocations=2 (full 0):
 garbage-first heap   total 262144K, used 16575K [0x00000000e0000000, 0x0000000100000000)
  region size 1024K, 11 young (11264K), 11 survivors (11264K)
 Metaspace       used 20553K, capacity 21070K, committed 21248K, reserved 272384K
  class space    used 2515K, capacity 2691K, committed 2816K, reserved 253952K
}

Deoptimization events (20 events):
Event: 3.530 Thread 0x000001d69c143000 Uncommon trap: trap_request=0xffffffc6 fr.pc=0x000001d68ef0ddf4 relative=0x0000000000000134
Event: 3.530 Thread 0x000001d69c143000 Uncommon trap: reason=bimorphic_or_optimized_type_check action=maybe_recompile pc=0x000001d68ef0ddf4 method=java.util.AbstractList$Itr.next()Ljava/lang/Object; @ 14 c2
Event: 3.530 Thread 0x000001d69c143000 DEOPT PACKING pc=0x000001d68ef0ddf4 sp=0x000000991c4faf70
Event: 3.530 Thread 0x000001d69c143000 DEOPT UNPACKING pc=0x000001d68741a1af sp=0x000000991c4faf08 mode 2
Event: 3.531 Thread 0x000001d69c143000 Uncommon trap: trap_request=0xffffff4d fr.pc=0x000001d68ef06400 relative=0x0000000000000640
Event: 3.531 Thread 0x000001d69c143000 Uncommon trap: reason=unstable_if action=reinterpret pc=0x000001d68ef06400 method=java.io.File.getName()Ljava/lang/String; @ 16 c2
Event: 3.531 Thread 0x000001d69c143000 DEOPT PACKING pc=0x000001d68ef06400 sp=0x000000991c4fb920
Event: 3.531 Thread 0x000001d69c143000 DEOPT UNPACKING pc=0x000001d68741a1af sp=0x000000991c4fb8f0 mode 2
Event: 3.531 Thread 0x000001d69c143000 Uncommon trap: trap_request=0xffffff4d fr.pc=0x000001d68ef05688 relative=0x00000000000004c8
Event: 3.531 Thread 0x000001d69c143000 Uncommon trap: reason=unstable_if action=reinterpret pc=0x000001d68ef05688 method=java.lang.String.substring(I)Ljava/lang/String; @ 34 c2
Event: 3.531 Thread 0x000001d69c143000 DEOPT PACKING pc=0x000001d68ef05688 sp=0x000000991c4fb8a0
Event: 3.531 Thread 0x000001d69c143000 DEOPT UNPACKING pc=0x000001d68741a1af sp=0x000000991c4fb878 mode 2
Event: 3.650 Thread 0x000001d69c143000 Uncommon trap: trap_request=0xffffff4d fr.pc=0x000001d68ef842b0 relative=0x00000000000003b0
Event: 3.650 Thread 0x000001d69c143000 Uncommon trap: reason=unstable_if action=reinterpret pc=0x000001d68ef842b0 method=jdk.internal.org.objectweb.asm.Type.getArgumentsAndReturnSizes(Ljava/lang/String;)I @ 88 c2
Event: 3.650 Thread 0x000001d69c143000 DEOPT PACKING pc=0x000001d68ef842b0 sp=0x000000991c4fa7f0
Event: 3.650 Thread 0x000001d69c143000 DEOPT UNPACKING pc=0x000001d68741a1af sp=0x000000991c4fa778 mode 2
Event: 3.661 Thread 0x000001d69c143000 Uncommon trap: trap_request=0xffffff4d fr.pc=0x000001d68ef0f12c relative=0x0000000000000b8c
Event: 3.661 Thread 0x000001d69c143000 Uncommon trap: reason=unstable_if action=reinterpret pc=0x000001d68ef0f12c method=java.util.Properties$LineReader.readLine()I @ 249 c2
Event: 3.661 Thread 0x000001d69c143000 DEOPT PACKING pc=0x000001d68ef0f12c sp=0x000000991c4fc120
Event: 3.661 Thread 0x000001d69c143000 DEOPT UNPACKING pc=0x000001d68741a1af sp=0x000000991c4fc0b0 mode 2

Classes redefined (0 events):
No events

Internal exceptions (20 events):
Event: 2.883 Thread 0x000001d69e908800 Exception <a 'java/lang/NoSuchMethodError'{0x00000000ec8a0898}: <clinit>> (0x00000000ec8a0898) thrown at [./src/hotspot/share/prims/jni.cpp, line 1365]
Event: 2.885 Thread 0x000001d69e908800 Exception <a 'java/lang/NoSuchMethodError'{0x00000000ec8ac108}: <clinit>> (0x00000000ec8ac108) thrown at [./src/hotspot/share/prims/jni.cpp, line 1365]
Event: 2.888 Thread 0x000001d69e908800 Exception <a 'java/lang/NoSuchMethodError'{0x00000000ec8bf8c0}: <clinit>> (0x00000000ec8bf8c0) thrown at [./src/hotspot/share/prims/jni.cpp, line 1365]
Event: 2.898 Thread 0x000001d69e908800 Exception <a 'java/lang/NoSuchMethodError'{0x00000000ec8d1640}: <clinit>> (0x00000000ec8d1640) thrown at [./src/hotspot/share/prims/jni.cpp, line 1365]
Event: 2.905 Thread 0x000001d69e908800 Exception <a 'java/lang/NoSuchMethodError'{0x00000000ec8f8158}: <clinit>> (0x00000000ec8f8158) thrown at [./src/hotspot/share/prims/jni.cpp, line 1365]
Event: 2.913 Thread 0x000001d69e908800 Exception <a 'java/lang/NoSuchMethodError'{0x00000000ec710218}: <clinit>> (0x00000000ec710218) thrown at [./src/hotspot/share/prims/jni.cpp, line 1365]
Event: 2.915 Thread 0x000001d69e908800 Exception <a 'java/lang/NoSuchMethodError'{0x00000000ec719be0}: <clinit>> (0x00000000ec719be0) thrown at [./src/hotspot/share/prims/jni.cpp, line 1365]
Event: 2.922 Thread 0x000001d69e908800 Exception <a 'java/lang/NoSuchMethodError'{0x00000000ec72f368}: <clinit>> (0x00000000ec72f368) thrown at [./src/hotspot/share/prims/jni.cpp, line 1365]
Event: 2.936 Thread 0x000001d69e908800 Exception <a 'java/lang/NoSuchMethodError'{0x00000000ec789f08}: <clinit>> (0x00000000ec789f08) thrown at [./src/hotspot/share/prims/jni.cpp, line 1365]
Event: 2.946 Thread 0x000001d69e908800 Exception <a 'java/lang/NoSuchMethodError'{0x00000000ec7b94a8}: <clinit>> (0x00000000ec7b94a8) thrown at [./src/hotspot/share/prims/jni.cpp, line 1365]
Event: 2.954 Thread 0x000001d69e908800 Exception <a 'java/lang/NoSuchMethodError'{0x00000000ec7e2310}: <clinit>> (0x00000000ec7e2310) thrown at [./src/hotspot/share/prims/jni.cpp, line 1365]
Event: 3.056 Thread 0x000001d69c143000 Exception <a 'java/lang/NoSuchMethodError'{0x00000000ec39a280}: 'void java.lang.invoke.DelegatingMethodHandle$Holder.reinvoke_L(java.lang.Object, java.lang.Object, java.lang.Object, java.lang.Object)'> (0x00000000ec39a280) thrown at [./src/hotspot/share/interpreter/linkResolver.cpp, line 773]
Event: 3.071 Thread 0x000001d69c143000 Exception <a 'java/lang/NoSuchMethodError'{0x00000000ec3d0f00}: 'long java.lang.invoke.DirectMethodHandle$Holder.invokeInterface(java.lang.Object, java.lang.Object)'> (0x00000000ec3d0f00) thrown at [./src/hotspot/share/interpreter/linkResolver.cpp, line 773]
Event: 3.076 Thread 0x000001d69c143000 Exception <a 'java/lang/NoSuchMethodError'{0x00000000ec3f26f8}: 'void java.lang.invoke.DelegatingMethodHandle$Holder.reinvoke_L(java.lang.Object, java.lang.Object, java.lang.Object, java.lang.Object, java.lang.Object, java.lang.Object, java.lang.Object)'> (0x00000000ec3f26f8) thrown at [./src/hotspot/share/interpreter/linkResolver.cpp, line 773]
Event: 3.359 Thread 0x000001d69c143000 Exception <a 'java/lang/NoSuchMethodError'{0x00000000eb5e8370}: 'java.lang.Object java.lang.invoke.DirectMethodHandle$Holder.invokeVirtual(java.lang.Object, java.lang.Object, java.lang.Object)'> (0x00000000eb5e8370) thrown at [./src/hotspot/share/interpreter/linkResolver.cpp, line 773]
Event: 3.415 Thread 0x000001d69c143000 Exception <a 'java/lang/NoSuchMethodError'{0x00000000eb1487c0}: 'void java.lang.invoke.DirectMethodHandle$Holder.invokeStaticInit(java.lang.Object)'> (0x00000000eb1487c0) thrown at [./src/hotspot/share/interpreter/linkResolver.cpp, line 773]
Event: 3.604 Thread 0x000001d69c143000 Exception <a 'java/lang/NoSuchMethodError'{0x00000000eabe8dc0}: 'int java.lang.invoke.DirectMethodHandle$Holder.invokeSpecialIFC(java.lang.Object, java.lang.Object, java.lang.Object, java.lang.Object)'> (0x00000000eabe8dc0) thrown at [./src/hotspot/share/interpreter/linkResolver.cpp, line 773]
Event: 3.605 Thread 0x000001d69c143000 Exception <a 'java/lang/NoSuchMethodError'{0x00000000eabf6ae0}: 'java.lang.Object java.lang.invoke.DirectMethodHandle$Holder.invokeInterface(java.lang.Object, java.lang.Object, java.lang.Object)'> (0x00000000eabf6ae0) thrown at [./src/hotspot/share/interpreter/linkResolver.cpp, line 773]
Event: 3.606 Thread 0x000001d69c143000 Exception <a 'java/lang/IncompatibleClassChangeError'{0x00000000eabf9fb8}: Found class java.lang.Object, but interface was expected> (0x00000000eabf9fb8) thrown at [./src/hotspot/share/interpreter/linkResolver.cpp, line 839]
Event: 3.678 Thread 0x000001d69c143000 Exception <a 'java/lang/NoSuchMethodError'{0x00000000efa318d0}: 'void java.lang.invoke.DirectMethodHandle$Holder.invokeSpecial(java.lang.Object, java.lang.Object)'> (0x00000000efa318d0) thrown at [./src/hotspot/share/interpreter/linkResolver.cpp, line 773]

Events (20 events):
Event: 3.688 loading class org/gradle/api/internal/properties/GradleProperties
Event: 3.688 loading class org/gradle/api/internal/properties/GradleProperties done
Event: 3.688 loading class org/gradle/api/provider/ProviderFactory
Event: 3.688 loading class org/gradle/api/provider/ProviderFactory done
Event: 3.688 loading class org/gradle/api/internal/resources/ApiTextResourceAdapter$Factory
Event: 3.688 loading class org/gradle/api/internal/resources/ApiTextResourceAdapter$Factory done
Event: 3.689 loading class org/gradle/api/internal/resources/DefaultResourceHandler$Factory
Event: 3.689 loading class org/gradle/api/internal/resources/DefaultResourceHandler$Factory done
Event: 3.689 loading class org/gradle/groovy/scripts/internal/FileCacheBackedScriptClassCompiler
Event: 3.689 loading class org/gradle/groovy/scripts/internal/FileCacheBackedScriptClassCompiler done
Event: 3.690 loading class org/gradle/configuration/DefaultScriptPluginFactory
Event: 3.690 loading class org/gradle/configuration/DefaultScriptPluginFactory done
Event: 3.690 loading class org/gradle/api/internal/plugins/PluginInspector
Event: 3.690 loading class org/gradle/api/internal/plugins/PluginInspector done
Event: 3.691 loading class org/gradle/initialization/buildsrc/BuildSourceBuilder
Event: 3.691 loading class org/gradle/initialization/buildsrc/BuildSourceBuilder done
Event: 3.691 loading class org/gradle/internal/service/scopes/ServiceRegistryFactory
Event: 3.691 loading class org/gradle/internal/service/scopes/ServiceRegistryFactory done
Event: 3.691 loading class org/gradle/groovy/scripts/internal/DefaultScriptCompilationHandler
Event: 3.691 loading class org/gradle/groovy/scripts/internal/DefaultScriptCompilationHandler done


Dynamic libraries:
0x00007ff76d540000 - 0x00007ff76d54a000 	C:\Program Files\Android\Android Studio\jre\bin\java.exe
0x00007ffd39650000 - 0x00007ffd39845000 	C:\windows\SYSTEM32\ntdll.dll
0x00007ffd378e0000 - 0x00007ffd3799e000 	C:\windows\System32\KERNEL32.DLL
0x00007ffd37290000 - 0x00007ffd37558000 	C:\windows\System32\KERNELBASE.dll
0x00007ffd37030000 - 0x00007ffd37130000 	C:\windows\System32\ucrtbase.dll
0x00007ffd26680000 - 0x00007ffd26699000 	C:\Program Files\Android\Android Studio\jre\bin\jli.dll
0x00007ffd25ea0000 - 0x00007ffd25eb7000 	C:\Program Files\Android\Android Studio\jre\bin\VCRUNTIME140.dll
0x00007ffd392e0000 - 0x00007ffd39480000 	C:\windows\System32\USER32.dll
0x00007ffd22810000 - 0x00007ffd22aaa000 	C:\windows\WinSxS\amd64_microsoft.windows.common-controls_6595b64144ccf1df_6.0.19041.1110_none_60b5254171f9507e\COMCTL32.dll
0x00007ffd37560000 - 0x00007ffd37582000 	C:\windows\System32\win32u.dll
0x00007ffd38aa0000 - 0x00007ffd38acb000 	C:\windows\System32\GDI32.dll
0x00007ffd39510000 - 0x00007ffd395ae000 	C:\windows\System32\msvcrt.dll
0x00007ffd36d60000 - 0x00007ffd36e6d000 	C:\windows\System32\gdi32full.dll
0x00007ffd36f90000 - 0x00007ffd3702d000 	C:\windows\System32\msvcp_win.dll
0x00007ffd394e0000 - 0x00007ffd39510000 	C:\windows\System32\IMM32.DLL
0x00007ffcffa00000 - 0x00007ffcffa9d000 	C:\Program Files\Android\Android Studio\jre\bin\msvcp140.dll
0x00007ffce71f0000 - 0x00007ffce7cd5000 	C:\Program Files\Android\Android Studio\jre\bin\server\jvm.dll
0x00007ffd37830000 - 0x00007ffd378de000 	C:\windows\System32\ADVAPI32.dll
0x00007ffd39110000 - 0x00007ffd391ac000 	C:\windows\System32\sechost.dll
0x00007ffd391b0000 - 0x00007ffd392d5000 	C:\windows\System32\RPCRT4.dll
0x00007ffd376a0000 - 0x00007ffd376a8000 	C:\windows\System32\PSAPI.DLL
0x00007ffd25e80000 - 0x00007ffd25e89000 	C:\windows\SYSTEM32\WSOCK32.dll
0x00007ffd31700000 - 0x00007ffd3170a000 	C:\windows\SYSTEM32\VERSION.dll
0x00007ffd2d0e0000 - 0x00007ffd2d107000 	C:\windows\SYSTEM32\WINMM.dll
0x00007ffd37d10000 - 0x00007ffd37d7b000 	C:\windows\System32\WS2_32.dll
0x00007ffd34c70000 - 0x00007ffd34c82000 	C:\windows\SYSTEM32\kernel.appcore.dll
0x00007ffd1ddb0000 - 0x00007ffd1ddc1000 	C:\Program Files\Android\Android Studio\jre\bin\verify.dll
0x00007ffd33740000 - 0x00007ffd33924000 	C:\windows\SYSTEM32\DBGHELP.DLL
0x00007ffd28770000 - 0x00007ffd2879c000 	C:\windows\SYSTEM32\dbgcore.DLL
0x00007ffd37590000 - 0x00007ffd37612000 	C:\windows\System32\bcryptPrimitives.dll
0x00007ffd01100000 - 0x00007ffd01129000 	C:\Program Files\Android\Android Studio\jre\bin\java.dll
0x00007ffd26740000 - 0x00007ffd2674b000 	C:\Program Files\Android\Android Studio\jre\bin\jimage.dll
0x00007ffd18590000 - 0x00007ffd185a8000 	C:\Program Files\Android\Android Studio\jre\bin\zip.dll
0x00007ffd37f40000 - 0x00007ffd38684000 	C:\windows\System32\SHELL32.dll
0x00007ffd34e70000 - 0x00007ffd35604000 	C:\windows\SYSTEM32\windows.storage.dll
0x00007ffd379a0000 - 0x00007ffd37cf5000 	C:\windows\System32\combase.dll
0x00007ffd367b0000 - 0x00007ffd367de000 	C:\windows\SYSTEM32\Wldp.dll
0x00007ffd39060000 - 0x00007ffd3910d000 	C:\windows\System32\SHCORE.dll
0x00007ffd38ad0000 - 0x00007ffd38b25000 	C:\windows\System32\shlwapi.dll
0x00007ffd36ca0000 - 0x00007ffd36cbf000 	C:\windows\SYSTEM32\profapi.dll
0x00007ffd18250000 - 0x00007ffd1826a000 	C:\Program Files\Android\Android Studio\jre\bin\net.dll
0x00007ffd29e50000 - 0x00007ffd29f5c000 	C:\windows\SYSTEM32\WINHTTP.dll
0x00007ffd36510000 - 0x00007ffd3657a000 	C:\windows\system32\mswsock.dll
0x00007ffd01b00000 - 0x00007ffd01b14000 	C:\Program Files\Android\Android Studio\jre\bin\nio.dll
0x00007ffd1ae30000 - 0x00007ffd1ae56000 	C:\Users\patelna\.gradle\native\fdc75f09e3144964f2cf3f50f0aa648679c211496f362492102eb8c894070792\windows-amd64\native-platform.dll
0x00007ffd18d80000 - 0x00007ffd18f11000 	C:\Users\patelna\.gradle\native\12488b8bf47d2d4c9fbf2f6322a914ad602e24e48041cd04a747c6da556b65c4\windows-amd64\native-platform-file-events.dll
0x00007ffd180d0000 - 0x00007ffd180da000 	C:\Program Files\Android\Android Studio\jre\bin\management.dll
0x00007ffd010f0000 - 0x00007ffd010fd000 	C:\Program Files\Android\Android Studio\jre\bin\management_ext.dll
0x00007ffd36700000 - 0x00007ffd36718000 	C:\windows\SYSTEM32\CRYPTSP.dll
0x00007ffd35dc0000 - 0x00007ffd35df4000 	C:\windows\system32\rsaenh.dll
0x00007ffd37620000 - 0x00007ffd37647000 	C:\windows\System32\bcrypt.dll
0x00007ffd36c20000 - 0x00007ffd36c4e000 	C:\windows\SYSTEM32\USERENV.dll
0x00007ffd36720000 - 0x00007ffd3672c000 	C:\windows\SYSTEM32\CRYPTBASE.dll
0x00007ffd36190000 - 0x00007ffd361cb000 	C:\windows\SYSTEM32\IPHLPAPI.DLL
0x00007ffd37d00000 - 0x00007ffd37d08000 	C:\windows\System32\NSI.dll
0x00007ffd296f0000 - 0x00007ffd29707000 	C:\windows\SYSTEM32\dhcpcsvc6.DLL
0x00007ffd29680000 - 0x00007ffd2969d000 	C:\windows\SYSTEM32\dhcpcsvc.DLL
0x00007ffd36200000 - 0x00007ffd362cb000 	C:\windows\SYSTEM32\DNSAPI.dll
0x00007ffd29f70000 - 0x00007ffd29f7b000 	C:\windows\SYSTEM32\WINNSI.DLL

dbghelp: loaded successfully - version: 4.0.5 - missing functions: none
symbol engine: initialized successfully - sym options: 0x614 - pdb path: .;C:\Program Files\Android\Android Studio\jre\bin;C:\windows\SYSTEM32;C:\windows\WinSxS\amd64_microsoft.windows.common-controls_6595b64144ccf1df_6.0.19041.1110_none_60b5254171f9507e;C:\Program Files\Android\Android Studio\jre\bin\server;C:\Users\patelna\.gradle\native\fdc75f09e3144964f2cf3f50f0aa648679c211496f362492102eb8c894070792\windows-amd64;C:\Users\patelna\.gradle\native\12488b8bf47d2d4c9fbf2f6322a914ad602e24e48041cd04a747c6da556b65c4\windows-amd64

VM Arguments:
jvm_args: -XX:MaxMetaspaceSize=256m -XX:+HeapDumpOnOutOfMemoryError --add-opens=java.base/java.util=ALL-UNNAMED --add-opens=java.base/java.lang=ALL-UNNAMED --add-opens=java.base/java.lang.invoke=ALL-UNNAMED --add-opens=java.prefs/java.util.prefs=ALL-UNNAMED -Xms256m -Xmx512m -Dfile.encoding=windows-1251 -Duser.country=RU -Duser.language=ru -Duser.variant 
java_command: org.gradle.launcher.daemon.bootstrap.GradleDaemon 6.7
java_class_path (initial): C:\Users\patelna\.gradle\wrapper\dists\gradle-6.7-all\cuy9mc7upwgwgeb72wkcrupxe\gradle-6.7\lib\gradle-launcher-6.7.jar
Launcher Type: SUN_STANDARD

[Global flags]
     intx CICompilerCount                          = 4                                         {product} {ergonomic}
   size_t CompressedClassSpaceSize                 = 260046848                                 {product} {ergonomic}
     uint ConcGCThreads                            = 2                                         {product} {ergonomic}
     uint G1ConcRefinementThreads                  = 8                                         {product} {ergonomic}
   size_t G1HeapRegionSize                         = 1048576                                   {product} {ergonomic}
    uintx GCDrainStackTargetSize                   = 64                                        {product} {ergonomic}
     bool HeapDumpOnOutOfMemoryError               = true                                   {manageable} {command line}
   size_t InitialHeapSize                          = 268435456                                 {product} {command line}
   size_t MarkStackSize                            = 4194304                                   {product} {ergonomic}
   size_t MaxHeapSize                              = 536870912                                 {product} {command line}
   size_t MaxMetaspaceSize                         = 268435456                                 {product} {command line}
   size_t MaxNewSize                               = 321912832                                 {product} {ergonomic}
   size_t MinHeapDeltaBytes                        = 1048576                                   {product} {ergonomic}
    uintx NonNMethodCodeHeapSize                   = 5836300                                {pd product} {ergonomic}
    uintx NonProfiledCodeHeapSize                  = 122910970                              {pd product} {ergonomic}
    uintx ProfiledCodeHeapSize                     = 122910970                              {pd product} {ergonomic}
    uintx ReservedCodeCacheSize                    = 251658240                              {pd product} {ergonomic}
     bool SegmentedCodeCache                       = true                                      {product} {ergonomic}
     bool UseCompressedClassPointers               = true                                 {lp64_product} {ergonomic}
     bool UseCompressedOops                        = true                                 {lp64_product} {ergonomic}
     bool UseG1GC                                  = true                                      {product} {ergonomic}
     bool UseLargePagesIndividualAllocation        = false                                  {pd product} {ergonomic}

Logging:
Log output configuration:
 #0: stdout all=warning uptime,level,tags
 #1: stderr all=off uptime,level,tags

Environment Variables:
PATH=C:\Program Files\Microsoft\jdk-17.0.3.7-hotspot\bin;C:\windows\system32;C:\windows;C:\windows\System32\Wbem;C:\windows\System32\WindowsPowerShell\v1.0\;C:\Program Files\Git\cmd;C:\ProgramData\chocolatey\bin;C:\Program Files\nodejs\;C:\Program Files\MySQL\MySQL Shell 8.0\bin\;C:\Users\patelna\AppData\Local\Microsoft\WindowsApps;C:\Users\patelna\AppData\Local\GitHubDesktop\bin;C:\Users\patelna\AppData\Roaming\npm
USERNAME=patelna
OS=Windows_NT
PROCESSOR_IDENTIFIER=Intel64 Family 6 Model 45 Stepping 7, GenuineIntel



---------------  S Y S T E M  ---------------

OS: Windows 10 , 64 bit Build 19041 (10.0.19041.1503)
OS uptime: 0 days 3:29 hours

CPU:total 8 (initial active 8) (4 cores per cpu, 2 threads per core) family 6 model 45 stepping 7 microcode 0x714, cmov, cx8, fxsr, mmx, sse, sse2, sse3, ssse3, sse4.1, sse4.2, popcnt, avx, aes, clmul, ht, tsc, tscinvbit, tscinv

Memory: 4k page, system-wide physical 16356M (4193M free)
TotalPageFile size 17380M (AvailPageFile size 1M)
current process WorkingSet (physical memory assigned to process): 213M, peak: 213M
current process commit charge ("private bytes"): 407M, peak: 407M

vm_info: OpenJDK 64-Bit Server VM (11.0.12+7-b1504.28-7817840) for windows-amd64 JRE (11.0.12+7-b1504.28-7817840), built on Oct 13 2021 22:12:33 by "builder" with MS VC++ 14.0 (VS2015)

END.
